2025-12-11 20:56:22,376 - __main__ - INFO - 启动豆瓣电影CSV爬虫...
2025-12-11 20:56:22,376 - __main__ - INFO - 开始爬取豆瓣Top250电影，共 10 页
2025-12-11 20:56:22,377 - __main__ - INFO - 正在爬取第 1 页 (start=0)...
2025-12-11 20:56:29,394 - __main__ - INFO - 爬取成功: 肖申克的救赎 The Shawshank Redemption (1994)
2025-12-11 20:56:33,949 - __main__ - INFO - 爬取成功: 霸王别姬 (1993)
2025-12-11 20:56:38,475 - __main__ - INFO - 爬取成功: 泰坦尼克号 Titanic (1997)
2025-12-11 20:56:44,308 - __main__ - INFO - 爬取成功: 阿甘正传 Forrest Gump (1994)
2025-12-11 20:56:48,601 - __main__ - INFO - 爬取成功: 千与千寻 千と千尋の神隠し (2001)
2025-12-11 20:56:53,491 - __main__ - INFO - 爬取成功: 美丽人生 La vita è bella (1997)
2025-12-11 20:56:58,162 - __main__ - INFO - 爬取成功: 星际穿越 Interstellar (2014)
2025-12-11 20:57:03,978 - __main__ - INFO - 爬取成功: 这个杀手不太冷 Léon (1994)
2025-12-11 20:57:09,085 - __main__ - INFO - 爬取成功: 盗梦空间 Inception (2010)
2025-12-11 20:57:12,546 - __main__ - INFO - 爬取成功: 楚门的世界 The Truman Show (1998)
2025-12-11 20:57:16,245 - __main__ - INFO - 爬取成功: 辛德勒的名单 Schindler's List (1993)
2025-12-11 20:57:21,998 - __main__ - INFO - 爬取成功: 忠犬八公的故事 Hachi: A Dog's Tale (2009)
2025-12-11 20:57:26,334 - __main__ - INFO - 爬取成功: 海上钢琴师 La leggenda del pianista sull'oceano (1998)
2025-12-11 20:57:30,778 - __main__ - INFO - 爬取成功: 疯狂动物城 Zootopia (2016)
2025-12-11 20:57:35,678 - __main__ - INFO - 爬取成功: 三傻大闹宝莱坞 3 Idiots (2009)
2025-12-11 20:57:40,761 - __main__ - INFO - 爬取成功: 机器人总动员 WALL·E (2008)
2025-12-11 20:57:45,119 - __main__ - INFO - 爬取成功: 放牛班的春天 Les choristes (2004)
2025-12-11 20:57:50,488 - __main__ - INFO - 爬取成功: 无间道 無間道 (2002)
2025-12-11 20:57:55,201 - __main__ - INFO - 爬取成功: 控方证人 Witness for the Prosecution (1957)
2025-12-11 20:58:00,865 - __main__ - INFO - 爬取成功: 大话西游之大圣娶亲 西遊記大結局之仙履奇緣 (1995)
2025-12-11 20:58:06,687 - __main__ - INFO - 爬取成功: 熔炉 도가니 (2011)
2025-12-11 20:58:12,820 - __main__ - INFO - 爬取成功: 寻梦环游记 Coco (2017)
2025-12-11 20:58:17,772 - __main__ - INFO - 爬取成功: 触不可及 Intouchables (2011)
2025-12-11 20:58:23,249 - __main__ - INFO - 爬取成功: 教父 The Godfather (1972)
2025-12-11 20:58:27,871 - __main__ - INFO - 爬取成功: 当幸福来敲门 The Pursuit of Happyness (2006)
2025-12-11 20:58:29,103 - __main__ - INFO - 第 1 页完成，爬取 25 部电影
2025-12-11 20:58:29,103 - __main__ - INFO - 等待 7.9 秒后继续...
2025-12-11 20:58:37,009 - __main__ - INFO - 正在爬取第 2 页 (start=25)...
2025-12-11 20:58:43,952 - __main__ - INFO - 爬取成功: 末代皇帝 The Last Emperor (1987)
2025-12-11 20:58:49,042 - __main__ - INFO - 爬取成功: 哈利·波特与魔法石 Harry Potter and the Sorcerer's Stone (2001)
2025-12-11 20:58:53,879 - __main__ - INFO - 爬取成功: 龙猫 となりのトトロ (1988)
2025-12-11 20:58:57,943 - __main__ - INFO - 爬取成功: 活着 (1994)
2025-12-11 20:59:03,079 - __main__ - INFO - 爬取成功: 怦然心动 Flipped (2010)
2025-12-11 20:59:08,644 - __main__ - INFO - 爬取成功: 蝙蝠侠：黑暗骑士 The Dark Knight (2008)
2025-12-11 20:59:13,472 - __main__ - INFO - 爬取成功: 指环王3：王者无敌 The Lord of the Rings: The Return of the King (2003)
2025-12-11 20:59:18,685 - __main__ - INFO - 爬取成功: 我不是药神 (2018)
2025-12-11 20:59:24,293 - __main__ - INFO - 爬取成功: 乱世佳人 Gone with the Wind (1939)
2025-12-11 20:59:29,374 - __main__ - INFO - 爬取成功: 飞屋环游记 Up (2009)
2025-12-11 20:59:34,247 - __main__ - INFO - 爬取成功: 让子弹飞 (2010)
2025-12-11 20:59:40,208 - __main__ - INFO - 爬取成功: 哈尔的移动城堡 ハウルの動く城 (2004)
2025-12-11 20:59:44,178 - __main__ - INFO - 爬取成功: 十二怒汉 12 Angry Men (1957)
2025-12-11 20:59:48,811 - __main__ - INFO - 爬取成功: 海蒂和爷爷 Heidi (2015)
2025-12-11 20:59:53,135 - __main__ - INFO - 爬取成功: 素媛 소원 (2013)
2025-12-11 20:59:57,837 - __main__ - INFO - 爬取成功: 猫鼠游戏 Catch Me If You Can (2002)
2025-12-11 21:00:01,643 - __main__ - INFO - 爬取成功: 天空之城 天空の城ラピュタ (1986)
2025-12-11 21:00:06,732 - __main__ - INFO - 爬取成功: 鬼子来了 (2000)
2025-12-11 21:00:11,546 - __main__ - INFO - 爬取成功: 摔跤吧！爸爸 Dangal (2016)
2025-12-11 21:00:15,969 - __main__ - INFO - 爬取成功: 少年派的奇幻漂流 Life of Pi (2012)
2025-12-11 21:00:21,222 - __main__ - INFO - 爬取成功: 钢琴家 The Pianist (2002)
2025-12-11 21:00:25,884 - __main__ - INFO - 爬取成功: 指环王2：双塔奇兵 The Lord of the Rings: The Two Towers (2002)
2025-12-11 21:00:29,913 - __main__ - INFO - 爬取成功: 死亡诗社 Dead Poets Society (1989)
2025-12-11 21:00:35,405 - __main__ - INFO - 爬取成功: 大话西游之月光宝盒 西遊記第壹佰零壹回之月光寶盒 (1995)
2025-12-11 21:00:40,519 - __main__ - INFO - 爬取成功: 何以为家 كفرناحوم (2018)
2025-12-11 21:00:41,923 - __main__ - INFO - 第 2 页完成，爬取 25 部电影
2025-12-11 21:00:41,925 - __main__ - INFO - 等待 5.8 秒后继续...
2025-12-11 21:00:47,711 - __main__ - INFO - 正在爬取第 3 页 (start=50)...
2025-12-11 21:00:54,282 - __main__ - INFO - 爬取成功: 绿皮书 Green Book (2018)
2025-12-11 21:00:58,902 - __main__ - INFO - 爬取成功: 闻香识女人 Scent of a Woman (1992)
2025-12-11 21:01:04,490 - __main__ - INFO - 爬取成功: 大闹天宫 (1961)
2025-12-11 21:01:08,252 - __main__ - INFO - 爬取成功: 黑客帝国 The Matrix (1999)
2025-12-11 21:01:11,775 - __main__ - INFO - 爬取成功: 指环王1：护戒使者 The Lord of the Rings: The Fellowship of the Ring (2001)
2025-12-11 21:01:15,569 - __main__ - INFO - 爬取成功: 罗马假日 Roman Holiday (1953)
2025-12-11 21:01:20,394 - __main__ - INFO - 爬取成功: 教父2 The Godfather: Part II (1974)
2025-12-11 21:01:24,683 - __main__ - INFO - 爬取成功: 狮子王 The Lion King (1994)
2025-12-11 21:01:28,604 - __main__ - INFO - 爬取成功: 天堂电影院 Nuovo Cinema Paradiso (1988)
2025-12-11 21:01:33,032 - __main__ - INFO - 爬取成功: 饮食男女 飲食男女 (1994)
2025-12-11 21:01:38,559 - __main__ - INFO - 爬取成功: 辩护人 변호인 (2013)
2025-12-11 21:01:43,958 - __main__ - INFO - 爬取成功: 本杰明·巴顿奇事 The Curious Case of Benjamin Button (2008)
2025-12-11 21:01:48,228 - __main__ - INFO - 爬取成功: 搏击俱乐部 Fight Club (1999)
2025-12-11 21:01:54,117 - __main__ - INFO - 爬取成功: 美丽心灵 A Beautiful Mind (2001)
2025-12-11 21:01:59,739 - __main__ - INFO - 爬取成功: 穿条纹睡衣的男孩 The Boy in the Striped Pajamas (2008)
2025-12-11 21:02:04,347 - __main__ - INFO - 爬取成功: 情书 Love Letter (1995)
2025-12-11 21:02:08,863 - __main__ - INFO - 爬取成功: 哈利·波特与死亡圣器(下) Harry Potter and the Deathly Hallows: Part 2 (2011)
2025-12-11 21:02:14,402 - __main__ - INFO - 爬取成功: 两杆大烟枪 Lock, Stock and Two Smoking Barrels (1998)
2025-12-11 21:02:18,268 - __main__ - INFO - 爬取成功: 窃听风暴 Das Leben der Anderen (2006)
2025-12-11 21:02:21,906 - __main__ - INFO - 爬取成功: 音乐之声 The Sound of Music (1965)
2025-12-11 21:02:28,947 - __main__ - INFO - 爬取成功: 功夫 (2004)
2025-12-11 21:02:34,619 - __main__ - INFO - 爬取成功: 西西里的美丽传说 Malèna (2000)
2025-12-11 21:02:39,935 - __main__ - INFO - 爬取成功: 哈利·波特与阿兹卡班的囚徒 Harry Potter and the Prisoner of Azkaban (2004)
2025-12-11 21:02:46,132 - __main__ - INFO - 爬取成功: 阿凡达 Avatar (2009)
2025-12-11 21:02:50,818 - __main__ - INFO - 爬取成功: 看不见的客人 Contratiempo (2016)
2025-12-11 21:02:51,890 - __main__ - INFO - 第 3 页完成，爬取 25 部电影
2025-12-11 21:02:51,890 - __main__ - INFO - 等待 6.2 秒后继续...
2025-12-11 21:02:58,052 - __main__ - INFO - 正在爬取第 4 页 (start=75)...
2025-12-11 21:03:06,279 - __main__ - INFO - 爬取成功: 拯救大兵瑞恩 Saving Private Ryan (1998)
2025-12-11 21:03:10,950 - __main__ - INFO - 爬取成功: 沉默的羔羊 The Silence of the Lambs (1991)
2025-12-11 21:03:15,303 - __main__ - INFO - 爬取成功: 小鞋子 بچه های آسمان (1997)
2025-12-11 21:03:19,287 - __main__ - INFO - 爬取成功: 布达佩斯大饭店 The Grand Budapest Hotel (2014)
2025-12-11 21:03:24,651 - __main__ - INFO - 爬取成功: 飞越疯人院 One Flew Over the Cuckoo's Nest (1975)
2025-12-11 21:03:29,410 - __main__ - INFO - 爬取成功: 蝴蝶效应 The Butterfly Effect (2004)
2025-12-11 21:03:33,899 - __main__ - INFO - 爬取成功: 禁闭岛 Shutter Island (2010)
2025-12-11 21:03:38,240 - __main__ - INFO - 爬取成功: 心灵捕手 Good Will Hunting (1997)
2025-12-11 21:03:43,611 - __main__ - INFO - 爬取成功: 致命魔术 The Prestige (2006)
2025-12-11 21:03:48,464 - __main__ - INFO - 爬取成功: 低俗小说 Pulp Fiction (1994)
2025-12-11 21:03:52,778 - __main__ - INFO - 爬取成功: 还有明天 C'è ancora domani (2023)
2025-12-11 21:03:59,078 - __main__ - INFO - 爬取成功: 超脱 Detachment (2011)
2025-12-11 21:04:04,690 - __main__ - INFO - 爬取成功: 哈利·波特与密室 Harry Potter and the Chamber of Secrets (2002)
2025-12-11 21:04:09,837 - __main__ - INFO - 爬取成功: 喜剧之王 喜劇之王 (1999)
2025-12-11 21:04:14,711 - __main__ - INFO - 爬取成功: 一一 (2000)
2025-12-11 21:04:18,538 - __main__ - INFO - 爬取成功: 摩登时代 Modern Times (1936)
2025-12-11 21:04:22,956 - __main__ - INFO - 爬取成功: 杀人回忆 살인의 추억 (2003)
2025-12-11 21:04:28,793 - __main__ - INFO - 爬取成功: 致命ID Identity (2003)
2025-12-11 21:04:34,810 - __main__ - INFO - 爬取成功: 春光乍泄 春光乍洩 (1997)
2025-12-11 21:04:40,673 - __main__ - INFO - 爬取成功: 加勒比海盗 Pirates of the Caribbean: The Curse of the Black Pearl (2003)
2025-12-11 21:04:45,007 - __main__ - INFO - 爬取成功: 海豚湾 The Cove (2009)
2025-12-11 21:04:49,358 - __main__ - INFO - 爬取成功: 美国往事 Once Upon a Time in America (1984)
2025-12-11 21:04:53,485 - __main__ - INFO - 爬取成功: 红辣椒 パプリカ (2006)
2025-12-11 21:04:59,127 - __main__ - INFO - 爬取成功: 七宗罪 Se7en (1995)
2025-12-11 21:05:03,187 - __main__ - INFO - 爬取成功: 唐伯虎点秋香 唐伯虎點秋香 (1993)
2025-12-11 21:05:04,251 - __main__ - INFO - 第 4 页完成，爬取 25 部电影
2025-12-11 21:05:04,252 - __main__ - INFO - 等待 5.3 秒后继续...
2025-12-11 21:05:09,586 - __main__ - INFO - 正在爬取第 5 页 (start=100)...
2025-12-11 21:05:16,583 - __main__ - INFO - 爬取成功: 狩猎 Jagten (2012)
2025-12-11 21:05:22,250 - __main__ - INFO - 爬取成功: 幽灵公主 もののけ姫 (1997)
2025-12-11 21:05:26,899 - __main__ - INFO - 爬取成功: 甜蜜蜜 (1996)
2025-12-11 21:05:31,822 - __main__ - INFO - 爬取成功: 寄生虫 기생충 (2019)
2025-12-11 21:05:36,429 - __main__ - INFO - 爬取成功: 蝙蝠侠：黑暗骑士崛起 The Dark Knight Rises (2012)
2025-12-11 21:05:41,261 - __main__ - INFO - 爬取成功: 天书奇谭 (1983)
2025-12-11 21:05:45,976 - __main__ - INFO - 爬取成功: 7号房的礼物 7번방의 선물 (2013)
2025-12-11 21:05:50,062 - __main__ - INFO - 爬取成功: 超能陆战队 Big Hero 6 (2014)
2025-12-11 21:05:55,424 - __main__ - INFO - 爬取成功: 爱在黎明破晓前 Before Sunrise (1995)
2025-12-11 21:06:01,448 - __main__ - INFO - 爬取成功: 第六感 The Sixth Sense (1999)
2025-12-11 21:06:07,035 - __main__ - INFO - 爬取成功: 爱在日落黄昏时 Before Sunset (2004)
2025-12-11 21:06:13,352 - __main__ - INFO - 爬取成功: 被嫌弃的松子的一生 嫌われ松子の一生 (2006)
2025-12-11 21:06:18,525 - __main__ - INFO - 爬取成功: 茶馆 (1982)
2025-12-11 21:06:23,847 - __main__ - INFO - 爬取成功: 重庆森林 重慶森林 (1994)
2025-12-11 21:06:29,798 - __main__ - INFO - 爬取成功: 未麻的部屋 Perfect Blue (1997)
2025-12-11 21:06:35,398 - __main__ - INFO - 爬取成功: 哈利·波特与火焰杯 Harry Potter and the Goblet of Fire (2005)
2025-12-11 21:06:40,495 - __main__ - INFO - 爬取成功: 头脑特工队 Inside Out (2015)
2025-12-11 21:06:44,916 - __main__ - INFO - 爬取成功: 入殓师 おくりびと (2008)
2025-12-11 21:06:49,929 - __main__ - INFO - 爬取成功: 借东西的小人阿莉埃蒂 借りぐらしのアリエッティ (2010)
2025-12-11 21:06:55,332 - __main__ - INFO - 爬取成功: 菊次郎的夏天 菊次郎の夏 (1999)
2025-12-11 21:07:00,501 - __main__ - INFO - 爬取成功: 剪刀手爱德华 Edward Scissorhands (1990)
2025-12-11 21:07:05,741 - __main__ - INFO - 爬取成功: 断背山 Brokeback Mountain (2005)
2025-12-11 21:07:11,605 - __main__ - INFO - 爬取成功: 勇敢的心 Braveheart (1995)
2025-12-11 21:07:16,281 - __main__ - INFO - 爬取成功: 时空恋旅人 About Time (2013)
2025-12-11 21:07:22,707 - __main__ - INFO - 爬取成功: 消失的爱人 Gone Girl (2014)
2025-12-11 21:07:23,452 - __main__ - INFO - 第 5 页完成，爬取 25 部电影
2025-12-11 21:07:23,453 - __main__ - INFO - 等待 9.0 秒后继续...
2025-12-11 21:07:32,474 - __main__ - INFO - 正在爬取第 6 页 (start=125)...
2025-12-11 21:07:40,657 - __main__ - INFO - 爬取成功: 倩女幽魂 (1987)
2025-12-11 21:07:46,101 - __main__ - INFO - 爬取成功: 无人知晓 誰も知らない (2004)
2025-12-11 21:07:50,631 - __main__ - INFO - 爬取成功: 驯龙高手 How to Train Your Dragon (2010)
2025-12-11 21:07:55,335 - __main__ - INFO - 爬取成功: 花样年华 花樣年華 (2000)
2025-12-11 21:08:00,046 - __main__ - INFO - 爬取成功: 傲慢与偏见 Pride & Prejudice (2005)
2025-12-11 21:08:05,651 - __main__ - INFO - 爬取成功: 新世界 신세계 (2013)
2025-12-11 21:08:11,642 - __main__ - INFO - 爬取成功: 完美的世界 A Perfect World (1993)
2025-12-11 21:08:16,715 - __main__ - INFO - 爬取成功: 阳光灿烂的日子 (1994)
2025-12-11 21:08:22,322 - __main__ - INFO - 爬取成功: 一个叫欧维的男人决定去死 En man som heter Ove (2015)
2025-12-11 21:08:28,334 - __main__ - INFO - 爬取成功: 玩具总动员3 Toy Story 3 (2010)
2025-12-11 21:08:33,501 - __main__ - INFO - 爬取成功: 小森林 夏秋篇 リトル・フォレスト 夏・秋 (2014)
2025-12-11 21:08:37,486 - __main__ - INFO - 爬取成功: 天使爱美丽 Le Fabuleux destin d'Amélie Poulain (2001)
2025-12-11 21:08:42,461 - __main__ - INFO - 爬取成功: 怪兽电力公司 Monsters, Inc. (2001)
2025-12-11 21:08:47,228 - __main__ - INFO - 爬取成功: 色，戒 (2007)
2025-12-11 21:08:51,828 - __main__ - INFO - 爬取成功: 教父3 The Godfather: Part III (1990)
2025-12-11 21:08:56,278 - __main__ - INFO - 爬取成功: 侧耳倾听 耳をすませば (1995)
2025-12-11 21:09:01,164 - __main__ - INFO - 爬取成功: 请以你的名字呼唤我 Call Me by Your Name (2017)
2025-12-11 21:09:06,852 - __main__ - INFO - 爬取成功: 哪吒闹海 (1979)
2025-12-11 21:09:12,121 - __main__ - INFO - 爬取成功: 幸福终点站 The Terminal (2004)
2025-12-11 21:09:18,088 - __main__ - INFO - 爬取成功: 九品芝麻官 (1994)
2025-12-11 21:09:22,292 - __main__ - INFO - 爬取成功: 被解救的姜戈 Django Unchained (2012)
2025-12-11 21:09:26,034 - __main__ - INFO - 爬取成功: 釜山行 부산행 (2016)
2025-12-11 21:09:31,007 - __main__ - INFO - 爬取成功: 小森林 冬春篇 リトル・フォレスト 冬・春 (2015)
2025-12-11 21:09:36,294 - __main__ - INFO - 爬取成功: 神偷奶爸 Despicable Me (2010)
2025-12-11 21:09:40,592 - __main__ - INFO - 爬取成功: 喜宴 囍宴 (1993)
2025-12-11 21:09:41,731 - __main__ - INFO - 第 6 页完成，爬取 25 部电影
2025-12-11 21:09:41,733 - __main__ - INFO - 等待 5.9 秒后继续...
2025-12-11 21:09:47,623 - __main__ - INFO - 正在爬取第 7 页 (start=150)...
2025-12-11 21:09:54,913 - __main__ - INFO - 爬取成功: 萤火之森 蛍火の杜へ (2011)
2025-12-11 21:10:00,367 - __main__ - INFO - 爬取成功: 告白 (2010)
2025-12-11 21:10:05,633 - __main__ - INFO - 爬取成功: 玛丽和麦克斯 Mary and Max (2009)
2025-12-12 13:01:35,920 - __main__ - WARNING - 爬取电影详情失败 https://movie.douban.com/subject/4920389/: HTTPSConnectionPool(host='movie.douban.com', port=443): Max retries exceeded with url: /subject/4920389/ (Caused by NameResolutionError("<urllib3.connection.HTTPSConnection object at 0x703ebd2b0770>: Failed to resolve 'movie.douban.com' ([Errno -3] Temporary failure in name resolution)"))
2025-12-12 13:01:38,601 - __main__ - WARNING - 爬取电影详情失败 https://movie.douban.com/subject/1295399/: HTTPSConnectionPool(host='movie.douban.com', port=443): Max retries exceeded with url: /subject/1295399/ (Caused by NameResolutionError("<urllib3.connection.HTTPSConnection object at 0x703ebe159b50>: Failed to resolve 'movie.douban.com' ([Errno -3] Temporary failure in name resolution)"))
2025-12-12 13:01:41,667 - __main__ - WARNING - 爬取电影详情失败 https://movie.douban.com/subject/10463953/: HTTPSConnectionPool(host='movie.douban.com', port=443): Max retries exceeded with url: /subject/10463953/ (Caused by NameResolutionError("<urllib3.connection.HTTPSConnection object at 0x703ebe15a510>: Failed to resolve 'movie.douban.com' ([Errno -3] Temporary failure in name resolution)"))
2025-12-12 13:01:46,340 - __main__ - INFO - 爬取成功: 大鱼 Big Fish (2003)
2025-12-12 13:01:50,311 - __main__ - WARNING - 爬取电影详情失败 https://movie.douban.com/subject/1293181/: HTTPSConnectionPool(host='movie.douban.com', port=443): Max retries exceeded with url: /subject/1293181/ (Caused by NameResolutionError("<urllib3.connection.HTTPSConnection object at 0x703ebe15b380>: Failed to resolve 'movie.douban.com' ([Errno -3] Temporary failure in name resolution)"))
2025-12-12 13:01:53,477 - __main__ - WARNING - 爬取电影详情失败 https://movie.douban.com/subject/1316510/: HTTPSConnectionPool(host='movie.douban.com', port=443): Max retries exceeded with url: /subject/1316510/ (Caused by NameResolutionError("<urllib3.connection.HTTPSConnection object at 0x703ebd97b3e0>: Failed to resolve 'movie.douban.com' ([Errno -3] Temporary failure in name resolution)"))
2025-12-12 13:02:01,386 - __main__ - INFO - 爬取成功: 血战钢锯岭 Hacksaw Ridge (2016)
2025-12-12 13:02:06,255 - __main__ - INFO - 爬取成功: 你的名字。 君の名は。 (2016)
2025-12-12 13:02:10,756 - __main__ - INFO - 爬取成功: 我是山姆 I Am Sam (2001)
2025-12-12 13:02:20,487 - __main__ - INFO - 爬取成功: 心灵奇旅 Soul (2020)
2025-12-12 13:02:27,945 - __main__ - INFO - 爬取成功: 背靠背，脸对脸 (1994)
2025-12-12 13:02:33,481 - __main__ - INFO - 爬取成功: 阳光姐妹淘 써니 (2011)
2025-12-12 13:02:38,988 - __main__ - INFO - 爬取成功: 恐怖直播 더 테러 라이브 (2013)
2025-12-12 13:02:43,455 - __main__ - INFO - 爬取成功: 黑客帝国3：矩阵革命 The Matrix Revolutions (2003)
2025-12-12 13:02:48,261 - __main__ - INFO - 爬取成功: 三块广告牌 Three Billboards Outside Ebbing, Missouri (2017)
2025-12-12 13:02:53,257 - __main__ - INFO - 爬取成功: 电锯惊魂 Saw (2004)
2025-12-12 13:02:58,256 - __main__ - INFO - 爬取成功: 小丑 Joker (2019)
2025-12-12 13:03:03,132 - __main__ - INFO - 爬取成功: 谍影重重3 The Bourne Ultimatum (2007)
2025-12-12 13:03:08,198 - __main__ - INFO - 爬取成功: 达拉斯买家俱乐部 Dallas Buyers Club (2013)
2025-12-12 13:03:13,885 - __main__ - INFO - 爬取成功: 无间道2 無間道II (2003)
2025-12-12 13:03:18,148 - __main__ - INFO - 爬取成功: 疯狂原始人 The Croods (2013)
2025-12-12 13:03:22,603 - __main__ - INFO - 爬取成功: 末路狂花 Thelma & Louise (1991)
2025-12-12 13:03:23,390 - __main__ - INFO - 第 7 页完成，爬取 20 部电影
2025-12-12 13:03:23,394 - __main__ - INFO - 等待 5.4 秒后继续...
2025-12-12 13:03:28,837 - __main__ - INFO - 正在爬取第 8 页 (start=175)...
2025-12-12 13:03:35,040 - __main__ - INFO - 爬取成功: 高山下的花环 (1984)
2025-12-12 13:03:38,738 - __main__ - INFO - 爬取成功: 绿里奇迹 The Green Mile (1999)
2025-12-12 13:03:43,283 - __main__ - INFO - 爬取成功: 爱在午夜降临前 Before Midnight (2013)
2025-12-12 13:03:47,703 - __main__ - INFO - 爬取成功: 海街日记 海街diary (2015)
2025-12-12 13:03:51,327 - __main__ - INFO - 爬取成功: 疯狂的石头 (2006)
2025-12-12 13:03:57,589 - __main__ - INFO - 爬取成功: 风之谷 風の谷のナウシカ (1984)
2025-12-12 13:04:03,205 - __main__ - INFO - 爬取成功: 上帝之城 Cidade de Deus (2002)
2025-12-12 13:04:08,652 - __main__ - INFO - 爬取成功: 雨中曲 Singin' in the Rain (1952)
2025-12-12 13:04:13,862 - __main__ - INFO - 爬取成功: 2001太空漫游 2001: A Space Odyssey (1968)
2025-12-12 13:04:20,007 - __main__ - INFO - 爬取成功: 心迷宫 (2014)
2025-12-12 13:04:25,238 - __main__ - INFO - 爬取成功: 英雄本色 (1986)
2025-12-12 13:04:30,672 - __main__ - INFO - 爬取成功: 机器人之梦 Robot Dreams (2023)
2025-12-12 13:04:35,942 - __main__ - INFO - 爬取成功: 记忆碎片 Memento (2000)
2025-12-12 13:04:42,147 - __main__ - INFO - 爬取成功: 纵横四海 縱橫四海 (1991)
2025-12-12 13:04:48,273 - __main__ - INFO - 爬取成功: 卢旺达饭店 Hotel Rwanda (2004)
2025-12-12 13:04:53,694 - __main__ - INFO - 爬取成功: 无敌破坏王 Wreck-It Ralph (2012)
2025-12-12 13:04:59,642 - __main__ - INFO - 爬取成功: 小偷家族 万引き家族 (2018)
2025-12-12 13:05:04,156 - __main__ - INFO - 爬取成功: 恐怖游轮 Triangle (2009)
2025-12-12 13:05:09,977 - __main__ - INFO - 爬取成功: 冰川时代 Ice Age (2002)
2025-12-12 13:05:15,480 - __main__ - INFO - 爬取成功: 牯岭街少年杀人事件 牯嶺街少年殺人事件 (1991)
2025-12-12 13:05:20,646 - __main__ - INFO - 爬取成功: 东京教父 東京ゴッドファーザーズ (2003)
2025-12-12 13:05:26,088 - __main__ - INFO - 爬取成功: 魔女宅急便 魔女の宅急便 (1989)
2025-12-12 13:05:30,343 - __main__ - INFO - 爬取成功: 岁月神偷 歲月神偷 (2010)
2025-12-12 13:05:34,722 - __main__ - INFO - 爬取成功: 芙蓉镇 (1987)
2025-12-12 13:05:39,982 - __main__ - INFO - 爬取成功: 忠犬八公物语 ハチ公物語 (1987)
2025-12-12 13:05:40,777 - __main__ - INFO - 第 8 页完成，爬取 25 部电影
2025-12-12 13:05:40,779 - __main__ - INFO - 等待 9.1 秒后继续...
2025-12-12 13:05:49,833 - __main__ - INFO - 正在爬取第 9 页 (start=200)...
2025-12-12 13:06:07,596 - __main__ - ERROR - 爬取第 9 页失败: HTTPSConnectionPool(host='movie.douban.com', port=443): Read timed out. (read timeout=15)
2025-12-12 13:06:07,598 - __main__ - INFO - 等待 6.8 秒后继续...
2025-12-12 13:06:14,430 - __main__ - INFO - 正在爬取第 10 页 (start=225)...
2025-12-12 13:06:21,688 - __main__ - INFO - 爬取成功: 崖上的波妞 崖の上のポニョ (2008)
2025-12-12 13:06:27,732 - __main__ - INFO - 爬取成功: 千钧一发 Gattaca (1997)
2025-12-12 13:06:32,868 - __main__ - INFO - 爬取成功: 虎口脱险 La grande vadrouille (1966)
2025-12-12 13:06:38,385 - __main__ - INFO - 爬取成功: 罗生门 羅生門 (1950)
2025-12-12 13:06:42,861 - __main__ - INFO - 爬取成功: 真爱至上 Love Actually (2003)
2025-12-12 13:06:47,779 - __main__ - INFO - 爬取成功: 哈利·波特与凤凰社 Harry Potter and the Order of the Phoenix (2007)
2025-12-12 13:06:53,332 - __main__ - INFO - 爬取成功: 彗星来的那一夜 Coherence (2013)
2025-12-12 13:06:58,093 - __main__ - INFO - 爬取成功: 恋恋笔记本 The Notebook (2004)
2025-12-12 13:07:03,298 - __main__ - INFO - 爬取成功: 海边的曼彻斯特 Manchester by the Sea (2016)
2025-12-12 13:07:08,457 - __main__ - INFO - 爬取成功: 火星救援 The Martian (2015)
2025-12-12 13:07:12,613 - __main__ - INFO - 爬取成功: 黑客帝国2：重装上阵 The Matrix Reloaded (2003)
2025-12-12 13:07:17,410 - __main__ - INFO - 爬取成功: 步履不停 歩いても 歩いても (2008)
2025-12-12 13:07:22,512 - __main__ - INFO - 爬取成功: 奇迹男孩 Wonder (2017)
2025-12-12 13:07:27,476 - __main__ - INFO - 爬取成功: 千年女优 千年女優 (2001)
2025-12-12 13:07:31,590 - __main__ - INFO - 爬取成功: 战争之王 Lord of War (2005)
2025-12-12 13:07:36,986 - __main__ - INFO - 爬取成功: 萤火虫之墓 火垂るの墓 (1988)
2025-12-12 13:07:41,461 - __main__ - INFO - 爬取成功: 谍影重重2 The Bourne Supremacy (2004)
2025-12-12 13:07:46,375 - __main__ - INFO - 爬取成功: 冰雪奇缘 Frozen (2013)
2025-12-12 13:07:52,496 - __main__ - INFO - 爬取成功: 蜘蛛侠：平行宇宙 Spider-Man: Into the Spider-Verse (2018)
2025-12-12 13:07:57,332 - __main__ - INFO - 爬取成功: 攻壳机动队 攻殻機動隊 (1995)
2025-12-12 13:08:03,164 - __main__ - INFO - 爬取成功: 血钻 Blood Diamond (2006)
2025-12-12 13:08:07,904 - __main__ - INFO - 爬取成功: 魂断蓝桥 Waterloo Bridge (1940)
2025-12-12 13:08:13,238 - __main__ - INFO - 爬取成功: 隐藏人物 Hidden Figures (2016)
2025-12-12 13:08:18,884 - __main__ - INFO - 爬取成功: 房间 Room (2015)
2025-12-12 13:08:25,049 - __main__ - INFO - 爬取成功: 小姐 아가씨 (2016)
2025-12-12 13:08:25,623 - __main__ - INFO - 第 10 页完成，爬取 25 部电影
2025-12-12 13:08:25,625 - __main__ - INFO - 爬取完成，共获得 220 部电影信息
2025-12-12 13:08:25,626 - __main__ - INFO - 开始处理 220 部电影数据...
2025-12-12 13:08:25,627 - __main__ - INFO - 处理完成: 肖申克的救赎 The Shawshank Redemption (ID: 1)
2025-12-12 13:08:25,627 - __main__ - INFO - 处理完成: 霸王别姬 (ID: 2)
2025-12-12 13:08:25,628 - __main__ - INFO - 处理完成: 泰坦尼克号 Titanic (ID: 3)
2025-12-12 13:08:25,628 - __main__ - INFO - 处理完成: 阿甘正传 Forrest Gump (ID: 4)
2025-12-12 13:08:25,628 - __main__ - INFO - 处理完成: 千与千寻 千と千尋の神隠し (ID: 5)
2025-12-12 13:08:25,628 - __main__ - INFO - 处理完成: 美丽人生 La vita è bella (ID: 6)
2025-12-12 13:08:25,630 - __main__ - INFO - 处理完成: 星际穿越 Interstellar (ID: 7)
2025-12-12 13:08:25,631 - __main__ - INFO - 处理完成: 这个杀手不太冷 Léon (ID: 8)
2025-12-12 13:08:25,632 - __main__ - INFO - 处理完成: 盗梦空间 Inception (ID: 9)
2025-12-12 13:08:25,634 - __main__ - INFO - 处理完成: 楚门的世界 The Truman Show (ID: 10)
2025-12-12 13:08:25,637 - __main__ - INFO - 处理进度: 10/220
2025-12-12 13:08:25,637 - __main__ - INFO - 处理完成: 辛德勒的名单 Schindler's List (ID: 11)
2025-12-12 13:08:25,637 - __main__ - INFO - 处理完成: 忠犬八公的故事 Hachi: A Dog's Tale (ID: 12)
2025-12-12 13:08:25,637 - __main__ - INFO - 处理完成: 海上钢琴师 La leggenda del pianista sull'oceano (ID: 13)
2025-12-12 13:08:25,637 - __main__ - INFO - 处理完成: 疯狂动物城 Zootopia (ID: 14)
2025-12-12 13:08:25,637 - __main__ - INFO - 处理完成: 三傻大闹宝莱坞 3 Idiots (ID: 15)
2025-12-12 13:08:25,637 - __main__ - INFO - 处理完成: 机器人总动员 WALL·E (ID: 16)
2025-12-12 13:08:25,638 - __main__ - INFO - 处理完成: 放牛班的春天 Les choristes (ID: 17)
2025-12-12 13:08:25,638 - __main__ - INFO - 处理完成: 无间道 無間道 (ID: 18)
2025-12-12 13:08:25,638 - __main__ - INFO - 处理完成: 控方证人 Witness for the Prosecution (ID: 19)
2025-12-12 13:08:25,638 - __main__ - INFO - 处理完成: 大话西游之大圣娶亲 西遊記大結局之仙履奇緣 (ID: 20)
2025-12-12 13:08:25,638 - __main__ - INFO - 处理进度: 20/220
2025-12-12 13:08:25,641 - __main__ - INFO - 处理完成: 熔炉 도가니 (ID: 21)
2025-12-12 13:08:25,642 - __main__ - INFO - 处理完成: 寻梦环游记 Coco (ID: 22)
2025-12-12 13:08:25,642 - __main__ - INFO - 处理完成: 触不可及 Intouchables (ID: 23)
2025-12-12 13:08:25,642 - __main__ - INFO - 处理完成: 教父 The Godfather (ID: 24)
2025-12-12 13:08:25,643 - __main__ - INFO - 处理完成: 当幸福来敲门 The Pursuit of Happyness (ID: 25)
2025-12-12 13:08:25,644 - __main__ - INFO - 处理完成: 末代皇帝 The Last Emperor (ID: 26)
2025-12-12 13:08:25,645 - __main__ - INFO - 处理完成: 哈利·波特与魔法石 Harry Potter and the Sorcerer's Stone (ID: 27)
2025-12-12 13:08:25,645 - __main__ - INFO - 处理完成: 龙猫 となりのトトロ (ID: 28)
2025-12-12 13:08:25,647 - __main__ - INFO - 处理完成: 活着 (ID: 29)
2025-12-12 13:08:25,653 - __main__ - INFO - 处理完成: 怦然心动 Flipped (ID: 30)
2025-12-12 13:08:25,655 - __main__ - INFO - 处理进度: 30/220
2025-12-12 13:08:25,657 - __main__ - INFO - 处理完成: 蝙蝠侠：黑暗骑士 The Dark Knight (ID: 31)
2025-12-12 13:08:25,657 - __main__ - INFO - 处理完成: 指环王3：王者无敌 The Lord of the Rings: The Return of the King (ID: 32)
2025-12-12 13:08:25,658 - __main__ - INFO - 处理完成: 我不是药神 (ID: 33)
2025-12-12 13:08:25,659 - __main__ - INFO - 处理完成: 乱世佳人 Gone with the Wind (ID: 34)
2025-12-12 13:08:25,661 - __main__ - INFO - 处理完成: 飞屋环游记 Up (ID: 35)
2025-12-12 13:08:25,668 - __main__ - INFO - 处理完成: 让子弹飞 (ID: 36)
2025-12-12 13:08:25,674 - __main__ - INFO - 处理完成: 哈尔的移动城堡 ハウルの動く城 (ID: 37)
2025-12-12 13:08:25,675 - __main__ - INFO - 处理完成: 十二怒汉 12 Angry Men (ID: 38)
2025-12-12 13:08:25,676 - __main__ - INFO - 处理完成: 海蒂和爷爷 Heidi (ID: 39)
2025-12-12 13:08:25,677 - __main__ - INFO - 处理完成: 素媛 소원 (ID: 40)
2025-12-12 13:08:25,677 - __main__ - INFO - 处理进度: 40/220
2025-12-12 13:08:25,679 - __main__ - INFO - 处理完成: 猫鼠游戏 Catch Me If You Can (ID: 41)
2025-12-12 13:08:25,681 - __main__ - INFO - 处理完成: 天空之城 天空の城ラピュタ (ID: 42)
2025-12-12 13:08:25,681 - __main__ - INFO - 处理完成: 鬼子来了 (ID: 43)
2025-12-12 13:08:25,681 - __main__ - INFO - 处理完成: 摔跤吧！爸爸 Dangal (ID: 44)
2025-12-12 13:08:25,684 - __main__ - INFO - 处理完成: 少年派的奇幻漂流 Life of Pi (ID: 45)
2025-12-12 13:08:25,684 - __main__ - INFO - 处理完成: 钢琴家 The Pianist (ID: 46)
2025-12-12 13:08:25,688 - __main__ - INFO - 处理完成: 指环王2：双塔奇兵 The Lord of the Rings: The Two Towers (ID: 47)
2025-12-12 13:08:25,691 - __main__ - INFO - 处理完成: 死亡诗社 Dead Poets Society (ID: 48)
2025-12-12 13:08:25,693 - __main__ - INFO - 处理完成: 大话西游之月光宝盒 西遊記第壹佰零壹回之月光寶盒 (ID: 49)
2025-12-12 13:08:25,695 - __main__ - INFO - 处理完成: 何以为家 كفرناحوم (ID: 50)
2025-12-12 13:08:25,698 - __main__ - INFO - 处理进度: 50/220
2025-12-12 13:08:25,698 - __main__ - INFO - 处理完成: 绿皮书 Green Book (ID: 51)
2025-12-12 13:08:25,698 - __main__ - INFO - 处理完成: 闻香识女人 Scent of a Woman (ID: 52)
2025-12-12 13:08:25,698 - __main__ - INFO - 处理完成: 大闹天宫 (ID: 53)
2025-12-12 13:08:25,699 - __main__ - INFO - 处理完成: 黑客帝国 The Matrix (ID: 54)
2025-12-12 13:08:25,699 - __main__ - INFO - 处理完成: 指环王1：护戒使者 The Lord of the Rings: The Fellowship of the Ring (ID: 55)
2025-12-12 13:08:25,699 - __main__ - INFO - 处理完成: 罗马假日 Roman Holiday (ID: 56)
2025-12-12 13:08:25,699 - __main__ - INFO - 处理完成: 教父2 The Godfather: Part II (ID: 57)
2025-12-12 13:08:25,700 - __main__ - INFO - 处理完成: 狮子王 The Lion King (ID: 58)
2025-12-12 13:08:25,700 - __main__ - INFO - 处理完成: 天堂电影院 Nuovo Cinema Paradiso (ID: 59)
2025-12-12 13:08:25,700 - __main__ - INFO - 处理完成: 饮食男女 飲食男女 (ID: 60)
2025-12-12 13:08:25,702 - __main__ - INFO - 处理进度: 60/220
2025-12-12 13:08:25,704 - __main__ - INFO - 处理完成: 辩护人 변호인 (ID: 61)
2025-12-12 13:08:25,706 - __main__ - INFO - 处理完成: 本杰明·巴顿奇事 The Curious Case of Benjamin Button (ID: 62)
2025-12-12 13:08:25,706 - __main__ - INFO - 处理完成: 搏击俱乐部 Fight Club (ID: 63)
2025-12-12 13:08:25,706 - __main__ - INFO - 处理完成: 美丽心灵 A Beautiful Mind (ID: 64)
2025-12-12 13:08:25,706 - __main__ - INFO - 处理完成: 穿条纹睡衣的男孩 The Boy in the Striped Pajamas (ID: 65)
2025-12-12 13:08:25,706 - __main__ - INFO - 处理完成: 情书 Love Letter (ID: 66)
2025-12-12 13:08:25,706 - __main__ - INFO - 处理完成: 哈利·波特与死亡圣器(下) Harry Potter and the Deathly Hallows: Part 2 (ID: 67)
2025-12-12 13:08:25,713 - __main__ - INFO - 处理完成: 两杆大烟枪 Lock, Stock and Two Smoking Barrels (ID: 68)
2025-12-12 13:08:25,715 - __main__ - INFO - 处理完成: 窃听风暴 Das Leben der Anderen (ID: 69)
2025-12-12 13:08:25,718 - __main__ - INFO - 处理完成: 音乐之声 The Sound of Music (ID: 70)
2025-12-12 13:08:25,719 - __main__ - INFO - 处理进度: 70/220
2025-12-12 13:08:25,720 - __main__ - INFO - 处理完成: 功夫 (ID: 71)
2025-12-12 13:08:25,720 - __main__ - INFO - 处理完成: 西西里的美丽传说 Malèna (ID: 72)
2025-12-12 13:08:25,721 - __main__ - INFO - 处理完成: 哈利·波特与阿兹卡班的囚徒 Harry Potter and the Prisoner of Azkaban (ID: 73)
2025-12-12 13:08:25,722 - __main__ - INFO - 处理完成: 阿凡达 Avatar (ID: 74)
2025-12-12 13:08:25,726 - __main__ - INFO - 处理完成: 看不见的客人 Contratiempo (ID: 75)
2025-12-12 13:08:25,727 - __main__ - INFO - 处理完成: 拯救大兵瑞恩 Saving Private Ryan (ID: 76)
2025-12-12 13:08:25,728 - __main__ - INFO - 处理完成: 沉默的羔羊 The Silence of the Lambs (ID: 77)
2025-12-12 13:08:25,729 - __main__ - INFO - 处理完成: 小鞋子 بچه های آسمان (ID: 78)
2025-12-12 13:08:25,729 - __main__ - INFO - 处理完成: 布达佩斯大饭店 The Grand Budapest Hotel (ID: 79)
2025-12-12 13:08:25,730 - __main__ - INFO - 处理完成: 飞越疯人院 One Flew Over the Cuckoo's Nest (ID: 80)
2025-12-12 13:08:25,731 - __main__ - INFO - 处理进度: 80/220
2025-12-12 13:08:25,731 - __main__ - INFO - 处理完成: 蝴蝶效应 The Butterfly Effect (ID: 81)
2025-12-12 13:08:25,731 - __main__ - INFO - 处理完成: 禁闭岛 Shutter Island (ID: 82)
2025-12-12 13:08:25,732 - __main__ - INFO - 处理完成: 心灵捕手 Good Will Hunting (ID: 83)
2025-12-12 13:08:25,733 - __main__ - INFO - 处理完成: 致命魔术 The Prestige (ID: 84)
2025-12-12 13:08:25,734 - __main__ - INFO - 处理完成: 低俗小说 Pulp Fiction (ID: 85)
2025-12-12 13:08:25,736 - __main__ - INFO - 处理完成: 还有明天 C'è ancora domani (ID: 86)
2025-12-12 13:08:25,738 - __main__ - INFO - 处理完成: 超脱 Detachment (ID: 87)
2025-12-12 13:08:25,740 - __main__ - INFO - 处理完成: 哈利·波特与密室 Harry Potter and the Chamber of Secrets (ID: 88)
2025-12-12 13:08:25,741 - __main__ - INFO - 处理完成: 喜剧之王 喜劇之王 (ID: 89)
2025-12-12 13:08:25,743 - __main__ - INFO - 处理完成: 一一 (ID: 90)
2025-12-12 13:08:25,744 - __main__ - INFO - 处理进度: 90/220
2025-12-12 13:08:25,745 - __main__ - INFO - 处理完成: 摩登时代 Modern Times (ID: 91)
2025-12-12 13:08:25,746 - __main__ - INFO - 处理完成: 杀人回忆 살인의 추억 (ID: 92)
2025-12-12 13:08:25,747 - __main__ - INFO - 处理完成: 致命ID Identity (ID: 93)
2025-12-12 13:08:25,747 - __main__ - INFO - 处理完成: 春光乍泄 春光乍洩 (ID: 94)
2025-12-12 13:08:25,748 - __main__ - INFO - 处理完成: 加勒比海盗 Pirates of the Caribbean: The Curse of the Black Pearl (ID: 95)
2025-12-12 13:08:25,749 - __main__ - INFO - 处理完成: 海豚湾 The Cove (ID: 96)
2025-12-12 13:08:25,749 - __main__ - INFO - 处理完成: 美国往事 Once Upon a Time in America (ID: 97)
2025-12-12 13:08:25,750 - __main__ - INFO - 处理完成: 红辣椒 パプリカ (ID: 98)
2025-12-12 13:08:25,751 - __main__ - INFO - 处理完成: 七宗罪 Se7en (ID: 99)
2025-12-12 13:08:25,751 - __main__ - INFO - 处理完成: 唐伯虎点秋香 唐伯虎點秋香 (ID: 100)
2025-12-12 13:08:25,752 - __main__ - INFO - 处理进度: 100/220
2025-12-12 13:08:25,753 - __main__ - INFO - 处理完成: 狩猎 Jagten (ID: 101)
2025-12-12 13:08:25,756 - __main__ - INFO - 处理完成: 幽灵公主 もののけ姫 (ID: 102)
2025-12-12 13:08:25,757 - __main__ - INFO - 处理完成: 甜蜜蜜 (ID: 103)
2025-12-12 13:08:25,758 - __main__ - INFO - 处理完成: 寄生虫 기생충 (ID: 104)
2025-12-12 13:08:25,760 - __main__ - INFO - 处理完成: 蝙蝠侠：黑暗骑士崛起 The Dark Knight Rises (ID: 105)
2025-12-12 13:08:25,762 - __main__ - INFO - 处理完成: 天书奇谭 (ID: 106)
2025-12-12 13:08:25,765 - __main__ - INFO - 处理完成: 7号房的礼物 7번방의 선물 (ID: 107)
2025-12-12 13:08:25,766 - __main__ - INFO - 处理完成: 超能陆战队 Big Hero 6 (ID: 108)
2025-12-12 13:08:25,766 - __main__ - INFO - 处理完成: 爱在黎明破晓前 Before Sunrise (ID: 109)
2025-12-12 13:08:25,766 - __main__ - INFO - 处理完成: 第六感 The Sixth Sense (ID: 110)
2025-12-12 13:08:25,766 - __main__ - INFO - 处理进度: 110/220
2025-12-12 13:08:25,766 - __main__ - INFO - 处理完成: 爱在日落黄昏时 Before Sunset (ID: 111)
2025-12-12 13:08:25,767 - __main__ - INFO - 处理完成: 被嫌弃的松子的一生 嫌われ松子の一生 (ID: 112)
2025-12-12 13:08:25,768 - __main__ - INFO - 处理完成: 茶馆 (ID: 113)
2025-12-12 13:08:25,770 - __main__ - INFO - 处理完成: 重庆森林 重慶森林 (ID: 114)
2025-12-12 13:08:25,771 - __main__ - INFO - 处理完成: 未麻的部屋 Perfect Blue (ID: 115)
2025-12-12 13:08:25,773 - __main__ - INFO - 处理完成: 哈利·波特与火焰杯 Harry Potter and the Goblet of Fire (ID: 116)
2025-12-12 13:08:25,773 - __main__ - INFO - 处理完成: 头脑特工队 Inside Out (ID: 117)
2025-12-12 13:08:25,773 - __main__ - INFO - 处理完成: 入殓师 おくりびと (ID: 118)
2025-12-12 13:08:25,774 - __main__ - INFO - 处理完成: 借东西的小人阿莉埃蒂 借りぐらしのアリエッティ (ID: 119)
2025-12-12 13:08:25,776 - __main__ - INFO - 处理完成: 菊次郎的夏天 菊次郎の夏 (ID: 120)
2025-12-12 13:08:25,777 - __main__ - INFO - 处理进度: 120/220
2025-12-12 13:08:25,780 - __main__ - INFO - 处理完成: 剪刀手爱德华 Edward Scissorhands (ID: 121)
2025-12-12 13:08:25,780 - __main__ - INFO - 处理完成: 断背山 Brokeback Mountain (ID: 122)
2025-12-12 13:08:25,780 - __main__ - INFO - 处理完成: 勇敢的心 Braveheart (ID: 123)
2025-12-12 13:08:25,780 - __main__ - INFO - 处理完成: 时空恋旅人 About Time (ID: 124)
2025-12-12 13:08:25,780 - __main__ - INFO - 处理完成: 消失的爱人 Gone Girl (ID: 125)
2025-12-12 13:08:25,780 - __main__ - INFO - 处理完成: 倩女幽魂 (ID: 126)
2025-12-12 13:08:25,785 - __main__ - INFO - 处理完成: 无人知晓 誰も知らない (ID: 127)
2025-12-12 13:08:25,789 - __main__ - INFO - 处理完成: 驯龙高手 How to Train Your Dragon (ID: 128)
2025-12-12 13:08:25,794 - __main__ - INFO - 处理完成: 花样年华 花樣年華 (ID: 129)
2025-12-12 13:08:25,794 - __main__ - INFO - 处理完成: 傲慢与偏见 Pride & Prejudice (ID: 130)
2025-12-12 13:08:25,794 - __main__ - INFO - 处理进度: 130/220
2025-12-12 13:08:25,795 - __main__ - INFO - 处理完成: 新世界 신세계 (ID: 131)
2025-12-12 13:08:25,797 - __main__ - INFO - 处理完成: 完美的世界 A Perfect World (ID: 132)
2025-12-12 13:08:25,797 - __main__ - INFO - 处理完成: 阳光灿烂的日子 (ID: 133)
2025-12-12 13:08:25,797 - __main__ - INFO - 处理完成: 一个叫欧维的男人决定去死 En man som heter Ove (ID: 134)
2025-12-12 13:08:25,798 - __main__ - INFO - 处理完成: 玩具总动员3 Toy Story 3 (ID: 135)
2025-12-12 13:08:25,799 - __main__ - INFO - 处理完成: 小森林 夏秋篇 リトル・フォレスト 夏・秋 (ID: 136)
2025-12-12 13:08:25,799 - __main__ - INFO - 处理完成: 天使爱美丽 Le Fabuleux destin d'Amélie Poulain (ID: 137)
2025-12-12 13:08:25,799 - __main__ - INFO - 处理完成: 怪兽电力公司 Monsters, Inc. (ID: 138)
2025-12-12 13:08:25,800 - __main__ - INFO - 处理完成: 色，戒 (ID: 139)
2025-12-12 13:08:25,800 - __main__ - INFO - 处理完成: 教父3 The Godfather: Part III (ID: 140)
2025-12-12 13:08:25,801 - __main__ - INFO - 处理进度: 140/220
2025-12-12 13:08:25,802 - __main__ - INFO - 处理完成: 侧耳倾听 耳をすませば (ID: 141)
2025-12-12 13:08:25,802 - __main__ - INFO - 处理完成: 请以你的名字呼唤我 Call Me by Your Name (ID: 142)
2025-12-12 13:08:25,802 - __main__ - INFO - 处理完成: 哪吒闹海 (ID: 143)
2025-12-12 13:08:25,803 - __main__ - INFO - 处理完成: 幸福终点站 The Terminal (ID: 144)
2025-12-12 13:08:25,805 - __main__ - INFO - 处理完成: 九品芝麻官 (ID: 145)
2025-12-12 13:08:25,805 - __main__ - INFO - 处理完成: 被解救的姜戈 Django Unchained (ID: 146)
2025-12-12 13:08:25,806 - __main__ - INFO - 处理完成: 釜山行 부산행 (ID: 147)
2025-12-12 13:08:25,806 - __main__ - INFO - 处理完成: 小森林 冬春篇 リトル・フォレスト 冬・春 (ID: 148)
2025-12-12 13:08:25,806 - __main__ - INFO - 处理完成: 神偷奶爸 Despicable Me (ID: 149)
2025-12-12 13:08:25,806 - __main__ - INFO - 处理完成: 喜宴 囍宴 (ID: 150)
2025-12-12 13:08:25,806 - __main__ - INFO - 处理进度: 150/220
2025-12-12 13:08:25,806 - __main__ - INFO - 处理完成: 萤火之森 蛍火の杜へ (ID: 151)
2025-12-12 13:08:25,806 - __main__ - INFO - 处理完成: 告白 (ID: 152)
2025-12-12 13:08:25,806 - __main__ - INFO - 处理完成: 玛丽和麦克斯 Mary and Max (ID: 153)
2025-12-12 13:08:25,807 - __main__ - INFO - 处理完成: 大鱼 Big Fish (ID: 157)
2025-12-12 13:08:25,807 - __main__ - INFO - 处理完成: 血战钢锯岭 Hacksaw Ridge (ID: 160)
2025-12-12 13:08:25,807 - __main__ - INFO - 处理完成: 你的名字。 君の名は。 (ID: 161)
2025-12-12 13:08:25,808 - __main__ - INFO - 处理完成: 我是山姆 I Am Sam (ID: 162)
2025-12-12 13:08:25,808 - __main__ - INFO - 处理完成: 心灵奇旅 Soul (ID: 163)
2025-12-12 13:08:25,808 - __main__ - INFO - 处理完成: 背靠背，脸对脸 (ID: 164)
2025-12-12 13:08:25,808 - __main__ - INFO - 处理完成: 阳光姐妹淘 써니 (ID: 165)
2025-12-12 13:08:25,814 - __main__ - INFO - 处理进度: 160/220
2025-12-12 13:08:25,816 - __main__ - INFO - 处理完成: 恐怖直播 더 테러 라이브 (ID: 166)
2025-12-12 13:08:25,818 - __main__ - INFO - 处理完成: 黑客帝国3：矩阵革命 The Matrix Revolutions (ID: 167)
2025-12-12 13:08:25,819 - __main__ - INFO - 处理完成: 三块广告牌 Three Billboards Outside Ebbing, Missouri (ID: 168)
2025-12-12 13:08:25,820 - __main__ - INFO - 处理完成: 电锯惊魂 Saw (ID: 169)
2025-12-12 13:08:25,821 - __main__ - INFO - 处理完成: 小丑 Joker (ID: 170)
2025-12-12 13:08:25,822 - __main__ - INFO - 处理完成: 谍影重重3 The Bourne Ultimatum (ID: 171)
2025-12-12 13:08:25,824 - __main__ - INFO - 处理完成: 达拉斯买家俱乐部 Dallas Buyers Club (ID: 172)
2025-12-12 13:08:25,824 - __main__ - INFO - 处理完成: 无间道2 無間道II (ID: 173)
2025-12-12 13:08:25,825 - __main__ - INFO - 处理完成: 疯狂原始人 The Croods (ID: 174)
2025-12-12 13:08:25,827 - __main__ - INFO - 处理完成: 末路狂花 Thelma & Louise (ID: 175)
2025-12-12 13:08:25,827 - __main__ - INFO - 处理进度: 170/220
2025-12-12 13:08:25,828 - __main__ - INFO - 处理完成: 高山下的花环 (ID: 176)
2025-12-12 13:08:25,829 - __main__ - INFO - 处理完成: 绿里奇迹 The Green Mile (ID: 177)
2025-12-12 13:08:25,830 - __main__ - INFO - 处理完成: 爱在午夜降临前 Before Midnight (ID: 178)
2025-12-12 13:08:25,831 - __main__ - INFO - 处理完成: 海街日记 海街diary (ID: 179)
2025-12-12 13:08:25,831 - __main__ - INFO - 处理完成: 疯狂的石头 (ID: 180)
2025-12-12 13:08:25,832 - __main__ - INFO - 处理完成: 风之谷 風の谷のナウシカ (ID: 181)
2025-12-12 13:08:25,832 - __main__ - INFO - 处理完成: 上帝之城 Cidade de Deus (ID: 182)
2025-12-12 13:08:25,833 - __main__ - INFO - 处理完成: 雨中曲 Singin' in the Rain (ID: 183)
2025-12-12 13:08:25,833 - __main__ - INFO - 处理完成: 2001太空漫游 2001: A Space Odyssey (ID: 184)
2025-12-12 13:08:25,834 - __main__ - INFO - 处理完成: 心迷宫 (ID: 185)
2025-12-12 13:08:25,835 - __main__ - INFO - 处理进度: 180/220
2025-12-12 13:08:25,836 - __main__ - INFO - 处理完成: 英雄本色 (ID: 186)
2025-12-12 13:08:25,836 - __main__ - INFO - 处理完成: 机器人之梦 Robot Dreams (ID: 187)
2025-12-12 13:08:25,837 - __main__ - INFO - 处理完成: 记忆碎片 Memento (ID: 188)
2025-12-12 13:08:25,838 - __main__ - INFO - 处理完成: 纵横四海 縱橫四海 (ID: 189)
2025-12-12 13:08:25,839 - __main__ - INFO - 处理完成: 卢旺达饭店 Hotel Rwanda (ID: 190)
2025-12-12 13:08:25,839 - __main__ - INFO - 处理完成: 无敌破坏王 Wreck-It Ralph (ID: 191)
2025-12-12 13:08:25,840 - __main__ - INFO - 处理完成: 小偷家族 万引き家族 (ID: 192)
2025-12-12 13:08:25,841 - __main__ - INFO - 处理完成: 恐怖游轮 Triangle (ID: 193)
2025-12-12 13:08:25,841 - __main__ - INFO - 处理完成: 冰川时代 Ice Age (ID: 194)
2025-12-12 13:08:25,842 - __main__ - INFO - 处理完成: 牯岭街少年杀人事件 牯嶺街少年殺人事件 (ID: 195)
2025-12-12 13:08:25,842 - __main__ - INFO - 处理进度: 190/220
2025-12-12 13:08:25,843 - __main__ - INFO - 处理完成: 东京教父 東京ゴッドファーザーズ (ID: 196)
2025-12-12 13:08:25,843 - __main__ - INFO - 处理完成: 魔女宅急便 魔女の宅急便 (ID: 197)
2025-12-12 13:08:25,845 - __main__ - INFO - 处理完成: 岁月神偷 歲月神偷 (ID: 198)
2025-12-12 13:08:25,847 - __main__ - INFO - 处理完成: 芙蓉镇 (ID: 199)
2025-12-12 13:08:25,847 - __main__ - INFO - 处理完成: 忠犬八公物语 ハチ公物語 (ID: 200)
2025-12-12 13:08:25,848 - __main__ - INFO - 处理完成: 崖上的波妞 崖の上のポニョ (ID: 201)
2025-12-12 13:08:25,849 - __main__ - INFO - 处理完成: 千钧一发 Gattaca (ID: 202)
2025-12-12 13:08:25,850 - __main__ - INFO - 处理完成: 虎口脱险 La grande vadrouille (ID: 203)
2025-12-12 13:08:25,851 - __main__ - INFO - 处理完成: 罗生门 羅生門 (ID: 204)
2025-12-12 13:08:25,852 - __main__ - INFO - 处理完成: 真爱至上 Love Actually (ID: 205)
2025-12-12 13:08:25,853 - __main__ - INFO - 处理进度: 200/220
2025-12-12 13:08:25,853 - __main__ - INFO - 处理完成: 哈利·波特与凤凰社 Harry Potter and the Order of the Phoenix (ID: 206)
2025-12-12 13:08:25,854 - __main__ - INFO - 处理完成: 彗星来的那一夜 Coherence (ID: 207)
2025-12-12 13:08:25,854 - __main__ - INFO - 处理完成: 恋恋笔记本 The Notebook (ID: 208)
2025-12-12 13:08:25,855 - __main__ - INFO - 处理完成: 海边的曼彻斯特 Manchester by the Sea (ID: 209)
2025-12-12 13:08:25,855 - __main__ - INFO - 处理完成: 火星救援 The Martian (ID: 210)
2025-12-12 13:08:25,856 - __main__ - INFO - 处理完成: 黑客帝国2：重装上阵 The Matrix Reloaded (ID: 211)
2025-12-12 13:08:25,857 - __main__ - INFO - 处理完成: 步履不停 歩いても 歩いても (ID: 212)
2025-12-12 13:08:25,859 - __main__ - INFO - 处理完成: 奇迹男孩 Wonder (ID: 213)
2025-12-12 13:08:25,861 - __main__ - INFO - 处理完成: 千年女优 千年女優 (ID: 214)
2025-12-12 13:08:25,862 - __main__ - INFO - 处理完成: 战争之王 Lord of War (ID: 215)
2025-12-12 13:08:25,862 - __main__ - INFO - 处理进度: 210/220
2025-12-12 13:08:25,862 - __main__ - INFO - 处理完成: 萤火虫之墓 火垂るの墓 (ID: 216)
2025-12-12 13:08:25,862 - __main__ - INFO - 处理完成: 谍影重重2 The Bourne Supremacy (ID: 217)
2025-12-12 13:08:25,862 - __main__ - INFO - 处理完成: 冰雪奇缘 Frozen (ID: 218)
2025-12-12 13:08:25,864 - __main__ - INFO - 处理完成: 蜘蛛侠：平行宇宙 Spider-Man: Into the Spider-Verse (ID: 219)
2025-12-12 13:08:25,864 - __main__ - INFO - 处理完成: 攻壳机动队 攻殻機動隊 (ID: 220)
2025-12-12 13:08:25,864 - __main__ - INFO - 处理完成: 血钻 Blood Diamond (ID: 221)
2025-12-12 13:08:25,866 - __main__ - INFO - 处理完成: 魂断蓝桥 Waterloo Bridge (ID: 222)
2025-12-12 13:08:25,868 - __main__ - INFO - 处理完成: 隐藏人物 Hidden Figures (ID: 223)
2025-12-12 13:08:25,868 - __main__ - INFO - 处理完成: 房间 Room (ID: 224)
2025-12-12 13:08:25,869 - __main__ - INFO - 处理完成: 小姐 아가씨 (ID: 225)
2025-12-12 13:08:25,873 - __main__ - INFO - 处理进度: 220/220
2025-12-12 13:08:25,874 - __main__ - INFO - 正在保存数据到CSV文件...
2025-12-12 13:08:25,877 - __main__ - INFO - 已保存 220 条数据到 movies.csv
2025-12-12 13:08:25,879 - __main__ - INFO - 已保存 220 条数据到 links.csv
2025-12-12 13:08:25,963 - __main__ - INFO - 已保存 11000 条数据到 ratings.csv
2025-12-13 21:58:09,172 - __main__ - INFO - 启动豆瓣电影CSV爬虫...
2025-12-13 21:58:09,173 - __main__ - INFO - 开始爬取豆瓣Top250电影，共 10 页
2025-12-13 21:58:09,173 - __main__ - INFO - 正在爬取第 1 页 (start=0)...
2025-12-13 21:58:17,154 - __main__ - INFO - 爬取成功: 肖申克的救赎 The Shawshank Redemption (1994)
2025-12-13 21:58:20,920 - __main__ - INFO - 爬取成功: 霸王别姬 (1993)
2025-12-13 21:58:25,259 - __main__ - INFO - 爬取成功: 泰坦尼克号 Titanic (1997)
2025-12-13 21:58:29,330 - __main__ - INFO - 爬取成功: 阿甘正传 Forrest Gump (1994)
2025-12-13 21:58:34,039 - __main__ - INFO - 爬取成功: 千与千寻 千と千尋の神隠し (2001)
2025-12-13 21:58:38,376 - __main__ - INFO - 爬取成功: 美丽人生 La vita è bella (1997)
2025-12-13 21:58:43,861 - __main__ - INFO - 爬取成功: 星际穿越 Interstellar (2014)
2025-12-13 21:58:49,824 - __main__ - INFO - 爬取成功: 这个杀手不太冷 Léon (1994)
2025-12-13 21:58:53,918 - __main__ - INFO - 爬取成功: 盗梦空间 Inception (2010)
2025-12-13 21:58:57,975 - __main__ - INFO - 爬取成功: 楚门的世界 The Truman Show (1998)
2025-12-13 21:59:03,747 - __main__ - INFO - 爬取成功: 辛德勒的名单 Schindler's List (1993)
2025-12-13 21:59:07,680 - __main__ - INFO - 爬取成功: 忠犬八公的故事 Hachi: A Dog's Tale (2009)
2025-12-13 21:59:12,877 - __main__ - INFO - 爬取成功: 海上钢琴师 La leggenda del pianista sull'oceano (1998)
2025-12-13 21:59:16,983 - __main__ - INFO - 爬取成功: 疯狂动物城 Zootopia (2016)
2025-12-13 21:59:22,369 - __main__ - INFO - 爬取成功: 三傻大闹宝莱坞 3 Idiots (2009)
2025-12-13 21:59:28,454 - __main__ - INFO - 爬取成功: 机器人总动员 WALL·E (2008)
2025-12-13 21:59:33,422 - __main__ - INFO - 爬取成功: 放牛班的春天 Les choristes (2004)
2025-12-13 21:59:39,144 - __main__ - INFO - 爬取成功: 无间道 無間道 (2002)
2025-12-13 21:59:43,373 - __main__ - INFO - 爬取成功: 控方证人 Witness for the Prosecution (1957)
2025-12-13 21:59:49,627 - __main__ - INFO - 爬取成功: 大话西游之大圣娶亲 西遊記大結局之仙履奇緣 (1995)
2025-12-13 21:59:55,155 - __main__ - INFO - 爬取成功: 熔炉 도가니 (2011)
2025-12-13 22:00:00,524 - __main__ - INFO - 爬取成功: 寻梦环游记 Coco (2017)
2025-12-13 22:00:05,780 - __main__ - INFO - 爬取成功: 触不可及 Intouchables (2011)
2025-12-13 22:00:11,342 - __main__ - INFO - 爬取成功: 教父 The Godfather (1972)
2025-12-13 22:00:16,577 - __main__ - INFO - 爬取成功: 当幸福来敲门 The Pursuit of Happyness (2006)
2025-12-13 22:00:17,241 - __main__ - INFO - 第 1 页完成，爬取 25 部电影
2025-12-13 22:00:17,251 - __main__ - INFO - 等待 6.4 秒后继续...
2025-12-13 22:00:23,694 - __main__ - INFO - 正在爬取第 2 页 (start=25)...
2025-12-13 22:00:33,089 - __main__ - INFO - 爬取成功: 末代皇帝 The Last Emperor (1987)
2025-12-13 22:00:37,454 - __main__ - INFO - 爬取成功: 哈利·波特与魔法石 Harry Potter and the Sorcerer's Stone (2001)
2025-12-13 22:00:42,624 - __main__ - INFO - 爬取成功: 龙猫 となりのトトロ (1988)
2025-12-13 22:00:48,304 - __main__ - INFO - 爬取成功: 活着 (1994)
2025-12-13 22:00:51,980 - __main__ - INFO - 爬取成功: 怦然心动 Flipped (2010)
2025-12-13 22:00:56,383 - __main__ - INFO - 爬取成功: 蝙蝠侠：黑暗骑士 The Dark Knight (2008)
2025-12-13 22:01:01,522 - __main__ - INFO - 爬取成功: 指环王3：王者无敌 The Lord of the Rings: The Return of the King (2003)
2025-12-13 22:01:07,718 - __main__ - INFO - 爬取成功: 我不是药神 (2018)
2025-12-13 22:01:13,149 - __main__ - INFO - 爬取成功: 乱世佳人 Gone with the Wind (1939)
2025-12-13 22:01:18,574 - __main__ - INFO - 爬取成功: 飞屋环游记 Up (2009)
2025-12-13 22:01:24,030 - __main__ - INFO - 爬取成功: 让子弹飞 (2010)
2025-12-13 22:01:29,147 - __main__ - INFO - 爬取成功: 哈尔的移动城堡 ハウルの動く城 (2004)
2025-12-13 22:01:34,966 - __main__ - INFO - 爬取成功: 十二怒汉 12 Angry Men (1957)
2025-12-13 22:01:38,930 - __main__ - INFO - 爬取成功: 海蒂和爷爷 Heidi (2015)
2025-12-13 22:01:44,278 - __main__ - INFO - 爬取成功: 素媛 소원 (2013)
2025-12-13 22:01:49,395 - __main__ - INFO - 爬取成功: 猫鼠游戏 Catch Me If You Can (2002)
2025-12-13 22:01:54,650 - __main__ - INFO - 爬取成功: 天空之城 天空の城ラピュタ (1986)
2025-12-13 22:01:58,659 - __main__ - INFO - 爬取成功: 鬼子来了 (2000)
2025-12-13 22:02:04,119 - __main__ - INFO - 爬取成功: 摔跤吧！爸爸 Dangal (2016)
2025-12-13 22:02:09,931 - __main__ - INFO - 爬取成功: 少年派的奇幻漂流 Life of Pi (2012)
2025-12-13 22:02:14,673 - __main__ - INFO - 爬取成功: 钢琴家 The Pianist (2002)
2025-12-13 22:02:21,190 - __main__ - INFO - 爬取成功: 指环王2：双塔奇兵 The Lord of the Rings: The Two Towers (2002)
2025-12-13 22:02:25,763 - __main__ - INFO - 爬取成功: 死亡诗社 Dead Poets Society (1989)
2025-12-13 22:02:31,118 - __main__ - INFO - 爬取成功: 大话西游之月光宝盒 西遊記第壹佰零壹回之月光寶盒 (1995)
2025-12-13 22:02:36,430 - __main__ - INFO - 爬取成功: 何以为家 كفرناحوم (2018)
2025-12-13 22:02:37,010 - __main__ - INFO - 第 2 页完成，爬取 25 部电影
2025-12-13 22:02:37,015 - __main__ - INFO - 等待 5.7 秒后继续...
2025-12-13 22:02:42,720 - __main__ - INFO - 正在爬取第 3 页 (start=50)...
2025-12-13 22:02:49,984 - __main__ - INFO - 爬取成功: 绿皮书 Green Book (2018)
2025-12-13 22:02:55,705 - __main__ - INFO - 爬取成功: 闻香识女人 Scent of a Woman (1992)
2025-12-13 22:03:01,296 - __main__ - INFO - 爬取成功: 大闹天宫 (1961)
2025-12-13 22:03:06,830 - __main__ - INFO - 爬取成功: 黑客帝国 The Matrix (1999)
2025-12-13 22:03:11,781 - __main__ - INFO - 爬取成功: 指环王1：护戒使者 The Lord of the Rings: The Fellowship of the Ring (2001)
2025-12-13 22:03:17,179 - __main__ - INFO - 爬取成功: 罗马假日 Roman Holiday (1953)
2025-12-13 22:03:21,769 - __main__ - INFO - 爬取成功: 教父2 The Godfather: Part II (1974)
2025-12-13 22:03:27,976 - __main__ - INFO - 爬取成功: 狮子王 The Lion King (1994)
2025-12-13 22:03:33,210 - __main__ - INFO - 爬取成功: 天堂电影院 Nuovo Cinema Paradiso (1988)
2025-12-13 22:03:38,552 - __main__ - INFO - 爬取成功: 饮食男女 飲食男女 (1994)
2025-12-13 22:03:42,756 - __main__ - INFO - 爬取成功: 辩护人 변호인 (2013)
2025-12-13 22:03:47,592 - __main__ - INFO - 爬取成功: 本杰明·巴顿奇事 The Curious Case of Benjamin Button (2008)
2025-12-13 22:03:52,213 - __main__ - INFO - 爬取成功: 搏击俱乐部 Fight Club (1999)
2025-12-13 22:03:57,061 - __main__ - INFO - 爬取成功: 美丽心灵 A Beautiful Mind (2001)
2025-12-13 22:04:02,905 - __main__ - INFO - 爬取成功: 穿条纹睡衣的男孩 The Boy in the Striped Pajamas (2008)
2025-12-13 22:04:07,447 - __main__ - INFO - 爬取成功: 情书 Love Letter (1995)
2025-12-13 22:04:12,641 - __main__ - INFO - 爬取成功: 哈利·波特与死亡圣器(下) Harry Potter and the Deathly Hallows: Part 2 (2011)
2025-12-13 22:04:18,781 - __main__ - INFO - 爬取成功: 两杆大烟枪 Lock, Stock and Two Smoking Barrels (1998)
2025-12-13 22:04:23,812 - __main__ - INFO - 爬取成功: 窃听风暴 Das Leben der Anderen (2006)
2025-12-13 22:04:29,437 - __main__ - INFO - 爬取成功: 音乐之声 The Sound of Music (1965)
2025-12-13 22:04:33,986 - __main__ - INFO - 爬取成功: 功夫 (2004)
2025-12-13 22:04:39,659 - __main__ - INFO - 爬取成功: 西西里的美丽传说 Malèna (2000)
2025-12-13 22:04:44,853 - __main__ - INFO - 爬取成功: 哈利·波特与阿兹卡班的囚徒 Harry Potter and the Prisoner of Azkaban (2004)
2025-12-13 22:04:49,338 - __main__ - INFO - 爬取成功: 阿凡达 Avatar (2009)
2025-12-13 22:04:54,978 - __main__ - INFO - 爬取成功: 看不见的客人 Contratiempo (2016)
2025-12-13 22:04:55,705 - __main__ - INFO - 第 3 页完成，爬取 25 部电影
2025-12-13 22:04:55,708 - __main__ - INFO - 等待 9.1 秒后继续...
2025-12-13 22:05:04,789 - __main__ - INFO - 正在爬取第 4 页 (start=75)...
2025-12-13 22:05:14,194 - __main__ - INFO - 爬取成功: 拯救大兵瑞恩 Saving Private Ryan (1998)
2025-12-13 22:05:19,051 - __main__ - INFO - 爬取成功: 沉默的羔羊 The Silence of the Lambs (1991)
2025-12-13 22:05:24,412 - __main__ - INFO - 爬取成功: 小鞋子 بچه های آسمان (1997)
2025-12-13 22:05:30,356 - __main__ - INFO - 爬取成功: 布达佩斯大饭店 The Grand Budapest Hotel (2014)
2025-12-13 22:05:35,270 - __main__ - INFO - 爬取成功: 飞越疯人院 One Flew Over the Cuckoo's Nest (1975)
2025-12-13 22:05:39,342 - __main__ - INFO - 爬取成功: 蝴蝶效应 The Butterfly Effect (2004)
2025-12-13 22:05:44,234 - __main__ - INFO - 爬取成功: 禁闭岛 Shutter Island (2010)
2025-12-13 22:05:48,587 - __main__ - INFO - 爬取成功: 心灵捕手 Good Will Hunting (1997)
2025-12-13 22:05:52,847 - __main__ - INFO - 爬取成功: 致命魔术 The Prestige (2006)
2025-12-13 22:05:59,028 - __main__ - INFO - 爬取成功: 低俗小说 Pulp Fiction (1994)
2025-12-13 22:06:03,196 - __main__ - INFO - 爬取成功: 还有明天 C'è ancora domani (2023)
2025-12-13 22:06:08,115 - __main__ - INFO - 爬取成功: 超脱 Detachment (2011)
2025-12-13 22:06:12,610 - __main__ - INFO - 爬取成功: 哈利·波特与密室 Harry Potter and the Chamber of Secrets (2002)
2025-12-13 22:06:16,210 - __main__ - INFO - 爬取成功: 喜剧之王 喜劇之王 (1999)
2025-12-13 22:06:20,771 - __main__ - INFO - 爬取成功: 一一 (2000)
2025-12-13 22:06:25,084 - __main__ - INFO - 爬取成功: 摩登时代 Modern Times (1936)
2025-12-13 22:06:31,153 - __main__ - INFO - 爬取成功: 杀人回忆 살인의 추억 (2003)
2025-12-13 22:06:37,512 - __main__ - INFO - 爬取成功: 致命ID Identity (2003)
2025-12-13 22:06:42,082 - __main__ - INFO - 爬取成功: 春光乍泄 春光乍洩 (1997)
2025-12-13 22:06:46,370 - __main__ - INFO - 爬取成功: 加勒比海盗 Pirates of the Caribbean: The Curse of the Black Pearl (2003)
2025-12-13 22:06:50,690 - __main__ - INFO - 爬取成功: 海豚湾 The Cove (2009)
2025-12-13 22:06:56,404 - __main__ - INFO - 爬取成功: 美国往事 Once Upon a Time in America (1984)
2025-12-13 22:07:01,680 - __main__ - INFO - 爬取成功: 红辣椒 パプリカ (2006)
2025-12-13 22:07:06,537 - __main__ - INFO - 爬取成功: 七宗罪 Se7en (1995)
2025-12-13 22:07:11,506 - __main__ - INFO - 爬取成功: 唐伯虎点秋香 唐伯虎點秋香 (1993)
2025-12-13 22:07:12,858 - __main__ - INFO - 第 4 页完成，爬取 25 部电影
2025-12-13 22:07:12,868 - __main__ - INFO - 等待 5.8 秒后继续...
2025-12-13 22:07:18,673 - __main__ - INFO - 正在爬取第 5 页 (start=100)...
2025-12-13 22:07:25,921 - __main__ - INFO - 爬取成功: 狩猎 Jagten (2012)
2025-12-13 22:07:31,031 - __main__ - INFO - 爬取成功: 幽灵公主 もののけ姫 (1997)
2025-12-13 22:07:35,601 - __main__ - INFO - 爬取成功: 甜蜜蜜 (1996)
2025-12-13 22:07:41,603 - __main__ - INFO - 爬取成功: 寄生虫 기생충 (2019)
2025-12-13 22:07:46,609 - __main__ - INFO - 爬取成功: 蝙蝠侠：黑暗骑士崛起 The Dark Knight Rises (2012)
2025-12-13 22:07:50,703 - __main__ - INFO - 爬取成功: 天书奇谭 (1983)
2025-12-13 22:07:55,107 - __main__ - INFO - 爬取成功: 7号房的礼物 7번방의 선물 (2013)
2025-12-13 22:07:59,373 - __main__ - INFO - 爬取成功: 超能陆战队 Big Hero 6 (2014)
2025-12-13 22:08:05,825 - __main__ - INFO - 爬取成功: 爱在黎明破晓前 Before Sunrise (1995)
2025-12-13 22:08:11,222 - __main__ - INFO - 爬取成功: 第六感 The Sixth Sense (1999)
2025-12-13 22:08:17,006 - __main__ - INFO - 爬取成功: 爱在日落黄昏时 Before Sunset (2004)
2025-12-13 22:08:22,618 - __main__ - INFO - 爬取成功: 被嫌弃的松子的一生 嫌われ松子の一生 (2006)
2025-12-13 22:08:27,195 - __main__ - INFO - 爬取成功: 茶馆 (1982)
2025-12-13 22:08:31,387 - __main__ - INFO - 爬取成功: 重庆森林 重慶森林 (1994)
2025-12-13 22:08:35,535 - __main__ - INFO - 爬取成功: 未麻的部屋 Perfect Blue (1997)
2025-12-13 22:08:39,641 - __main__ - INFO - 爬取成功: 哈利·波特与火焰杯 Harry Potter and the Goblet of Fire (2005)
2025-12-13 22:08:45,015 - __main__ - INFO - 爬取成功: 头脑特工队 Inside Out (2015)
2025-12-13 22:08:49,897 - __main__ - INFO - 爬取成功: 入殓师 おくりびと (2008)
2025-12-13 22:08:56,274 - __main__ - INFO - 爬取成功: 借东西的小人阿莉埃蒂 借りぐらしのアリエッティ (2010)
2025-12-13 22:09:01,934 - __main__ - INFO - 爬取成功: 菊次郎的夏天 菊次郎の夏 (1999)
2025-12-13 22:09:08,378 - __main__ - INFO - 爬取成功: 剪刀手爱德华 Edward Scissorhands (1990)
2025-12-13 22:09:13,396 - __main__ - INFO - 爬取成功: 断背山 Brokeback Mountain (2005)
2025-12-13 22:09:18,654 - __main__ - INFO - 爬取成功: 勇敢的心 Braveheart (1995)
2025-12-13 22:09:22,473 - __main__ - INFO - 爬取成功: 时空恋旅人 About Time (2013)
2025-12-13 22:09:27,458 - __main__ - INFO - 爬取成功: 消失的爱人 Gone Girl (2014)
2025-12-13 22:09:28,793 - __main__ - INFO - 第 5 页完成，爬取 25 部电影
2025-12-13 22:09:28,797 - __main__ - INFO - 等待 5.1 秒后继续...
2025-12-13 22:09:33,879 - __main__ - INFO - 正在爬取第 6 页 (start=125)...
2025-12-13 22:09:41,955 - __main__ - INFO - 爬取成功: 倩女幽魂 (1987)
2025-12-13 22:09:46,421 - __main__ - INFO - 爬取成功: 无人知晓 誰も知らない (2004)
2025-12-13 22:09:51,051 - __main__ - INFO - 爬取成功: 驯龙高手 How to Train Your Dragon (2010)
2025-12-13 22:09:56,418 - __main__ - INFO - 爬取成功: 花样年华 花樣年華 (2000)
2025-12-13 22:10:02,267 - __main__ - INFO - 爬取成功: 傲慢与偏见 Pride & Prejudice (2005)
2025-12-13 22:10:06,636 - __main__ - INFO - 爬取成功: 新世界 신세계 (2013)
2025-12-13 22:10:11,423 - __main__ - INFO - 爬取成功: 完美的世界 A Perfect World (1993)
2025-12-13 22:10:15,665 - __main__ - INFO - 爬取成功: 阳光灿烂的日子 (1994)
2025-12-13 22:10:21,606 - __main__ - INFO - 爬取成功: 一个叫欧维的男人决定去死 En man som heter Ove (2015)
2025-12-13 22:10:27,942 - __main__ - INFO - 爬取成功: 玩具总动员3 Toy Story 3 (2010)
2025-12-13 22:10:33,155 - __main__ - INFO - 爬取成功: 小森林 夏秋篇 リトル・フォレスト 夏・秋 (2014)
2025-12-15 20:36:05,080 - __main__ - WARNING - 爬取电影详情失败 https://movie.douban.com/subject/1292215/: HTTPSConnectionPool(host='movie.douban.com', port=443): Max retries exceeded with url: /subject/1292215/ (Caused by NameResolutionError("<urllib3.connection.HTTPSConnection object at 0x76baa27957c0>: Failed to resolve 'movie.douban.com' ([Errno -3] Temporary failure in name resolution)"))
2025-12-15 20:36:07,876 - __main__ - WARNING - 爬取电影详情失败 https://movie.douban.com/subject/1291579/: HTTPSConnectionPool(host='movie.douban.com', port=443): Max retries exceeded with url: /subject/1291579/ (Caused by NameResolutionError("<urllib3.connection.HTTPSConnection object at 0x76baa2797590>: Failed to resolve 'movie.douban.com' ([Errno -3] Temporary failure in name resolution)"))
2025-12-15 20:36:11,303 - __main__ - WARNING - 爬取电影详情失败 https://movie.douban.com/subject/1828115/: HTTPSConnectionPool(host='movie.douban.com', port=443): Max retries exceeded with url: /subject/1828115/ (Caused by NameResolutionError("<urllib3.connection.HTTPSConnection object at 0x76baa2796b70>: Failed to resolve 'movie.douban.com' ([Errno -3] Temporary failure in name resolution)"))
2025-12-15 20:36:20,603 - __main__ - INFO - 爬取成功: 教父3 The Godfather: Part III (1990)
2025-12-15 20:36:26,607 - __main__ - INFO - 爬取成功: 侧耳倾听 耳をすませば (1995)
2025-12-15 20:36:33,245 - __main__ - INFO - 爬取成功: 请以你的名字呼唤我 Call Me by Your Name (2017)
2025-12-15 20:36:37,002 - __main__ - INFO - 爬取成功: 哪吒闹海 (1979)
2025-12-15 20:36:42,712 - __main__ - INFO - 爬取成功: 幸福终点站 The Terminal (2004)
2025-12-15 20:36:47,567 - __main__ - INFO - 爬取成功: 九品芝麻官 (1994)
2025-12-15 20:36:54,418 - __main__ - INFO - 爬取成功: 被解救的姜戈 Django Unchained (2012)
2025-12-15 20:36:58,042 - __main__ - INFO - 爬取成功: 釜山行 부산행 (2016)
2025-12-15 20:37:02,732 - __main__ - INFO - 爬取成功: 小森林 冬春篇 リトル・フォレスト 冬・春 (2015)
2025-12-15 20:37:08,279 - __main__ - INFO - 爬取成功: 神偷奶爸 Despicable Me (2010)
2025-12-15 20:37:14,682 - __main__ - INFO - 爬取成功: 喜宴 囍宴 (1993)
2025-12-15 20:37:15,727 - __main__ - INFO - 第 6 页完成，爬取 22 部电影
2025-12-15 20:37:15,736 - __main__ - INFO - 等待 9.9 秒后继续...
2025-12-15 20:37:25,639 - __main__ - INFO - 正在爬取第 7 页 (start=150)...
2025-12-15 20:37:33,581 - __main__ - INFO - 爬取成功: 萤火之森 蛍火の杜へ (2011)
2025-12-15 20:37:38,976 - __main__ - INFO - 爬取成功: 告白 (2010)
2025-12-15 20:37:43,191 - __main__ - INFO - 爬取成功: 玛丽和麦克斯 Mary and Max (2009)
2025-12-15 20:37:48,468 - __main__ - INFO - 爬取成功: 头号玩家 Ready Player One (2018)
2025-12-15 20:37:52,877 - __main__ - INFO - 爬取成功: 七武士 七人の侍 (1954)
2025-12-15 20:37:57,386 - __main__ - INFO - 爬取成功: 模仿游戏 The Imitation Game (2014)
2025-12-15 20:38:04,039 - __main__ - INFO - 爬取成功: 大鱼 Big Fish (2003)
2025-12-15 20:38:10,130 - __main__ - INFO - 爬取成功: 惊魂记 Psycho (1960)
2025-12-15 20:38:15,540 - __main__ - INFO - 爬取成功: 射雕英雄传之东成西就 射鵰英雄傳之東成西就 (1993)
2025-12-15 20:38:20,063 - __main__ - INFO - 爬取成功: 血战钢锯岭 Hacksaw Ridge (2016)
2025-12-15 20:38:25,876 - __main__ - INFO - 爬取成功: 你的名字。 君の名は。 (2016)
2025-12-15 20:38:30,920 - __main__ - INFO - 爬取成功: 心灵奇旅 Soul (2020)
2025-12-15 20:38:38,240 - __main__ - INFO - 爬取成功: 我是山姆 I Am Sam (2001)
2025-12-15 20:38:43,842 - __main__ - INFO - 爬取成功: 背靠背，脸对脸 (1994)
2025-12-15 20:38:49,139 - __main__ - INFO - 爬取成功: 阳光姐妹淘 써니 (2011)
2025-12-15 20:38:55,159 - __main__ - INFO - 爬取成功: 恐怖直播 더 테러 라이브 (2013)
2025-12-15 20:39:00,565 - __main__ - INFO - 爬取成功: 黑客帝国3：矩阵革命 The Matrix Revolutions (2003)
2025-12-15 20:39:05,759 - __main__ - INFO - 爬取成功: 三块广告牌 Three Billboards Outside Ebbing, Missouri (2017)
2025-12-15 20:39:12,345 - __main__ - INFO - 爬取成功: 小丑 Joker (2019)
2025-12-15 20:39:18,230 - __main__ - INFO - 爬取成功: 电锯惊魂 Saw (2004)
2025-12-15 20:39:23,033 - __main__ - INFO - 爬取成功: 谍影重重3 The Bourne Ultimatum (2007)
2025-12-15 20:39:27,734 - __main__ - INFO - 爬取成功: 达拉斯买家俱乐部 Dallas Buyers Club (2013)
2025-12-15 20:39:32,309 - __main__ - INFO - 爬取成功: 无间道2 無間道II (2003)
2025-12-15 20:39:37,944 - __main__ - INFO - 爬取成功: 疯狂原始人 The Croods (2013)
2025-12-15 20:39:42,063 - __main__ - INFO - 爬取成功: 末路狂花 Thelma & Louise (1991)
2025-12-15 20:39:43,074 - __main__ - INFO - 第 7 页完成，爬取 25 部电影
2025-12-15 20:39:43,076 - __main__ - INFO - 等待 5.7 秒后继续...
2025-12-15 20:39:48,741 - __main__ - INFO - 正在爬取第 8 页 (start=175)...
2025-12-15 20:39:58,023 - __main__ - INFO - 爬取成功: 高山下的花环 (1984)
2025-12-15 20:40:02,952 - __main__ - INFO - 爬取成功: 绿里奇迹 The Green Mile (1999)
2025-12-15 20:40:08,436 - __main__ - INFO - 爬取成功: 爱在午夜降临前 Before Midnight (2013)
2025-12-15 20:40:14,562 - __main__ - INFO - 爬取成功: 海街日记 海街diary (2015)
2025-12-15 20:40:20,472 - __main__ - INFO - 爬取成功: 疯狂的石头 (2006)
2025-12-15 20:40:27,222 - __main__ - INFO - 爬取成功: 风之谷 風の谷のナウシカ (1984)
2025-12-15 20:40:32,724 - __main__ - INFO - 爬取成功: 雨中曲 Singin' in the Rain (1952)
2025-12-15 20:40:39,469 - __main__ - INFO - 爬取成功: 上帝之城 Cidade de Deus (2002)
2025-12-15 20:40:46,145 - __main__ - INFO - 爬取成功: 2001太空漫游 2001: A Space Odyssey (1968)
2025-12-15 20:40:52,539 - __main__ - INFO - 爬取成功: 心迷宫 (2014)
2025-12-15 20:40:58,979 - __main__ - INFO - 爬取成功: 英雄本色 (1986)
2025-12-15 20:41:03,582 - __main__ - INFO - 爬取成功: 机器人之梦 Robot Dreams (2023)
2025-12-15 20:41:08,700 - __main__ - INFO - 爬取成功: 记忆碎片 Memento (2000)
2025-12-15 20:41:13,236 - __main__ - INFO - 爬取成功: 纵横四海 縱橫四海 (1991)
2025-12-15 20:41:18,593 - __main__ - INFO - 爬取成功: 卢旺达饭店 Hotel Rwanda (2004)
2025-12-15 20:41:23,402 - __main__ - INFO - 爬取成功: 无敌破坏王 Wreck-It Ralph (2012)
2025-12-15 20:41:28,434 - __main__ - INFO - 爬取成功: 小偷家族 万引き家族 (2018)
2025-12-15 20:41:33,074 - __main__ - INFO - 爬取成功: 恐怖游轮 Triangle (2009)
2025-12-15 20:41:37,944 - __main__ - INFO - 爬取成功: 冰川时代 Ice Age (2002)
2025-12-15 20:41:43,255 - __main__ - INFO - 爬取成功: 牯岭街少年杀人事件 牯嶺街少年殺人事件 (1991)
2025-12-15 20:41:47,260 - __main__ - INFO - 爬取成功: 东京教父 東京ゴッドファーザーズ (2003)
2025-12-15 20:41:52,696 - __main__ - INFO - 爬取成功: 魔女宅急便 魔女の宅急便 (1989)
2025-12-15 20:41:58,005 - __main__ - INFO - 爬取成功: 芙蓉镇 (1987)
2025-12-15 20:42:01,703 - __main__ - INFO - 爬取成功: 岁月神偷 歲月神偷 (2010)
2025-12-15 20:42:07,474 - __main__ - INFO - 爬取成功: 忠犬八公物语 ハチ公物語 (1987)
2025-12-15 20:42:08,158 - __main__ - INFO - 第 8 页完成，爬取 25 部电影
2025-12-15 20:42:08,187 - __main__ - INFO - 等待 9.1 秒后继续...
2025-12-15 20:42:17,328 - __main__ - INFO - 正在爬取第 9 页 (start=200)...
2025-12-15 20:42:27,525 - __main__ - INFO - 爬取成功: 荒蛮故事 Relatos salvajes (2014)
2025-12-15 20:42:32,098 - __main__ - INFO - 爬取成功: 遗愿清单 The Bucket List (2007)
2025-12-15 20:42:37,184 - __main__ - INFO - 爬取成功: 大佛普拉斯 (2017)
2025-12-15 20:42:42,789 - __main__ - INFO - 爬取成功: 源代码 Source Code (2011)
2025-12-15 20:42:48,748 - __main__ - INFO - 爬取成功: 疯狂的麦克斯4：狂暴之路 Mad Max: Fury Road (2015)
2025-12-15 20:42:53,285 - __main__ - INFO - 爬取成功: 你看起来好像很好吃 おまえうまそうだな (2010)
2025-12-15 20:42:58,024 - __main__ - INFO - 爬取成功: 贫民窟的百万富翁 Slumdog Millionaire (2008)
2025-12-15 20:43:03,736 - __main__ - INFO - 爬取成功: 花束般的恋爱 花束みたいな恋をした (2021)
2025-12-15 20:43:09,338 - __main__ - INFO - 爬取成功: 可可西里 (2004)
2025-12-15 20:43:13,824 - __main__ - INFO - 爬取成功: 城市之光 City Lights (1931)
2025-12-15 20:43:18,147 - __main__ - INFO - 爬取成功: 白日梦想家 The Secret Life of Walter Mitty (2013)
2025-12-15 20:43:23,812 - __main__ - INFO - 爬取成功: 波西米亚狂想曲 Bohemian Rhapsody (2018)
2025-12-15 20:43:28,627 - __main__ - INFO - 爬取成功: 爆裂鼓手 Whiplash (2014)
2025-12-15 20:43:33,076 - __main__ - INFO - 爬取成功: 东邪西毒 東邪西毒 (1994)
2025-12-15 20:43:38,270 - __main__ - INFO - 爬取成功: 青蛇 (1993)
2025-12-15 20:43:42,311 - __main__ - INFO - 爬取成功: 爱乐之城 La La Land (2016)
2025-12-15 20:43:48,071 - __main__ - INFO - 爬取成功: 哈利·波特与死亡圣器(上) Harry Potter and the Deathly Hallows: Part 1 (2010)
2025-12-15 20:43:53,091 - __main__ - INFO - 爬取成功: 无耻混蛋 Inglourious Basterds (2009)
2025-12-15 20:43:59,036 - __main__ - INFO - 爬取成功: 终结者2：审判日 Terminator 2: Judgment Day (1991)
2025-12-15 20:44:04,031 - __main__ - INFO - 爬取成功: 黑天鹅 Black Swan (2010)
2025-12-15 20:44:09,976 - __main__ - INFO - 爬取成功: 大红灯笼高高挂 (1991)
2025-12-15 20:44:15,980 - __main__ - INFO - 爬取成功: 初恋这件小事 สิ่งเล็กเล็กที่เรียกว่า...รัก (2010)
2025-12-15 20:44:21,190 - __main__ - INFO - 爬取成功: 新龙门客栈 新龍門客棧 (1992)
2025-12-15 20:44:26,017 - __main__ - INFO - 爬取成功: 人工智能 A.I. Artificial Intelligence (2001)
2025-12-15 20:44:31,362 - __main__ - INFO - 爬取成功: 雨人 Rain Man (1988)
2025-12-15 20:44:32,086 - __main__ - INFO - 第 9 页完成，爬取 25 部电影
2025-12-15 20:44:32,098 - __main__ - INFO - 等待 7.9 秒后继续...
2025-12-15 20:44:40,027 - __main__ - INFO - 正在爬取第 10 页 (start=225)...
2025-12-15 20:44:55,142 - __main__ - INFO - 爬取成功: 崖上的波妞 崖の上のポニョ (2008)
2025-12-15 20:45:04,405 - __main__ - INFO - 爬取成功: 千钧一发 Gattaca (1997)
2025-12-15 20:45:11,267 - __main__ - INFO - 爬取成功: 虎口脱险 La grande vadrouille (1966)
2025-12-15 20:45:16,411 - __main__ - INFO - 爬取成功: 罗生门 羅生門 (1950)
2025-12-15 20:45:21,201 - __main__ - INFO - 爬取成功: 哈利·波特与凤凰社 Harry Potter and the Order of the Phoenix (2007)
2025-12-15 20:45:28,365 - __main__ - INFO - 爬取成功: 真爱至上 Love Actually (2003)
2025-12-15 20:45:34,654 - __main__ - INFO - 爬取成功: 彗星来的那一夜 Coherence (2013)
2025-12-15 20:45:38,596 - __main__ - INFO - 爬取成功: 恋恋笔记本 The Notebook (2004)
2025-12-15 20:45:44,450 - __main__ - INFO - 爬取成功: 海边的曼彻斯特 Manchester by the Sea (2016)
2025-12-15 20:45:49,430 - __main__ - INFO - 爬取成功: 火星救援 The Martian (2015)
2025-12-15 20:45:54,592 - __main__ - INFO - 爬取成功: 黑客帝国2：重装上阵 The Matrix Reloaded (2003)
2025-12-15 20:46:00,052 - __main__ - INFO - 爬取成功: 步履不停 歩いても 歩いても (2008)
2025-12-15 20:46:04,316 - __main__ - INFO - 爬取成功: 奇迹男孩 Wonder (2017)
2025-12-15 20:46:09,014 - __main__ - INFO - 爬取成功: 千年女优 千年女優 (2001)
2025-12-15 20:46:13,472 - __main__ - INFO - 爬取成功: 战争之王 Lord of War (2005)
2025-12-15 20:46:19,001 - __main__ - INFO - 爬取成功: 冰雪奇缘 Frozen (2013)
2025-12-15 20:46:23,908 - __main__ - INFO - 爬取成功: 萤火虫之墓 火垂るの墓 (1988)
2025-12-15 20:46:28,865 - __main__ - INFO - 爬取成功: 谍影重重2 The Bourne Supremacy (2004)
2025-12-15 20:46:34,561 - __main__ - INFO - 爬取成功: 蜘蛛侠：平行宇宙 Spider-Man: Into the Spider-Verse (2018)
2025-12-15 20:46:39,946 - __main__ - INFO - 爬取成功: 攻壳机动队 攻殻機動隊 (1995)
2025-12-15 20:46:44,075 - __main__ - INFO - 爬取成功: 血钻 Blood Diamond (2006)
2025-12-15 20:46:48,454 - __main__ - INFO - 爬取成功: 魂断蓝桥 Waterloo Bridge (1940)
2025-12-15 20:46:52,732 - __main__ - INFO - 爬取成功: 隐藏人物 Hidden Figures (2016)
2025-12-15 20:46:57,939 - __main__ - INFO - 爬取成功: 房间 Room (2015)
2025-12-15 20:47:03,612 - __main__ - INFO - 爬取成功: 小姐 아가씨 (2016)
2025-12-15 20:47:04,837 - __main__ - INFO - 第 10 页完成，爬取 25 部电影
2025-12-15 20:47:04,839 - __main__ - INFO - 爬取完成，共获得 247 部电影信息
2025-12-15 20:47:04,840 - __main__ - INFO - 开始处理 247 部电影数据...
2025-12-15 20:47:04,841 - __main__ - INFO - 处理完成: 肖申克的救赎 The Shawshank Redemption (ID: 1)
2025-12-15 20:47:04,841 - __main__ - INFO - 处理完成: 霸王别姬 (ID: 2)
2025-12-15 20:47:04,841 - __main__ - INFO - 处理完成: 泰坦尼克号 Titanic (ID: 3)
2025-12-15 20:47:04,842 - __main__ - INFO - 处理完成: 阿甘正传 Forrest Gump (ID: 4)
2025-12-15 20:47:04,842 - __main__ - INFO - 处理完成: 千与千寻 千と千尋の神隠し (ID: 5)
2025-12-15 20:47:04,843 - __main__ - INFO - 处理完成: 美丽人生 La vita è bella (ID: 6)
2025-12-15 20:47:04,843 - __main__ - INFO - 处理完成: 星际穿越 Interstellar (ID: 7)
2025-12-15 20:47:04,843 - __main__ - INFO - 处理完成: 这个杀手不太冷 Léon (ID: 8)
2025-12-15 20:47:04,844 - __main__ - INFO - 处理完成: 盗梦空间 Inception (ID: 9)
2025-12-15 20:47:04,844 - __main__ - INFO - 处理完成: 楚门的世界 The Truman Show (ID: 10)
2025-12-15 20:47:04,844 - __main__ - INFO - 处理进度: 10/247
2025-12-15 20:47:04,845 - __main__ - INFO - 处理完成: 辛德勒的名单 Schindler's List (ID: 11)
2025-12-15 20:47:04,845 - __main__ - INFO - 处理完成: 忠犬八公的故事 Hachi: A Dog's Tale (ID: 12)
2025-12-15 20:47:04,845 - __main__ - INFO - 处理完成: 海上钢琴师 La leggenda del pianista sull'oceano (ID: 13)
2025-12-15 20:47:04,847 - __main__ - INFO - 处理完成: 疯狂动物城 Zootopia (ID: 14)
2025-12-15 20:47:04,849 - __main__ - INFO - 处理完成: 三傻大闹宝莱坞 3 Idiots (ID: 15)
2025-12-15 20:47:04,851 - __main__ - INFO - 处理完成: 机器人总动员 WALL·E (ID: 16)
2025-12-15 20:47:04,854 - __main__ - INFO - 处理完成: 放牛班的春天 Les choristes (ID: 17)
2025-12-15 20:47:04,855 - __main__ - INFO - 处理完成: 无间道 無間道 (ID: 18)
2025-12-15 20:47:04,857 - __main__ - INFO - 处理完成: 控方证人 Witness for the Prosecution (ID: 19)
2025-12-15 20:47:04,857 - __main__ - INFO - 处理完成: 大话西游之大圣娶亲 西遊記大結局之仙履奇緣 (ID: 20)
2025-12-15 20:47:04,857 - __main__ - INFO - 处理进度: 20/247
2025-12-15 20:47:04,857 - __main__ - INFO - 处理完成: 熔炉 도가니 (ID: 21)
2025-12-15 20:47:04,858 - __main__ - INFO - 处理完成: 寻梦环游记 Coco (ID: 22)
2025-12-15 20:47:04,862 - __main__ - INFO - 处理完成: 触不可及 Intouchables (ID: 23)
2025-12-15 20:47:04,864 - __main__ - INFO - 处理完成: 教父 The Godfather (ID: 24)
2025-12-15 20:47:04,865 - __main__ - INFO - 处理完成: 当幸福来敲门 The Pursuit of Happyness (ID: 25)
2025-12-15 20:47:04,868 - __main__ - INFO - 处理完成: 末代皇帝 The Last Emperor (ID: 26)
2025-12-15 20:47:04,869 - __main__ - INFO - 处理完成: 哈利·波特与魔法石 Harry Potter and the Sorcerer's Stone (ID: 27)
2025-12-15 20:47:04,869 - __main__ - INFO - 处理完成: 龙猫 となりのトトロ (ID: 28)
2025-12-15 20:47:04,873 - __main__ - INFO - 处理完成: 活着 (ID: 29)
2025-12-15 20:47:04,873 - __main__ - INFO - 处理完成: 怦然心动 Flipped (ID: 30)
2025-12-15 20:47:04,873 - __main__ - INFO - 处理进度: 30/247
2025-12-15 20:47:04,874 - __main__ - INFO - 处理完成: 蝙蝠侠：黑暗骑士 The Dark Knight (ID: 31)
2025-12-15 20:47:04,874 - __main__ - INFO - 处理完成: 指环王3：王者无敌 The Lord of the Rings: The Return of the King (ID: 32)
2025-12-15 20:47:04,875 - __main__ - INFO - 处理完成: 我不是药神 (ID: 33)
2025-12-15 20:47:04,876 - __main__ - INFO - 处理完成: 乱世佳人 Gone with the Wind (ID: 34)
2025-12-15 20:47:04,880 - __main__ - INFO - 处理完成: 飞屋环游记 Up (ID: 35)
2025-12-15 20:47:04,884 - __main__ - INFO - 处理完成: 让子弹飞 (ID: 36)
2025-12-15 20:47:04,885 - __main__ - INFO - 处理完成: 哈尔的移动城堡 ハウルの動く城 (ID: 37)
2025-12-15 20:47:04,886 - __main__ - INFO - 处理完成: 十二怒汉 12 Angry Men (ID: 38)
2025-12-15 20:47:04,886 - __main__ - INFO - 处理完成: 海蒂和爷爷 Heidi (ID: 39)
2025-12-15 20:47:04,887 - __main__ - INFO - 处理完成: 素媛 소원 (ID: 40)
2025-12-15 20:47:04,887 - __main__ - INFO - 处理进度: 40/247
2025-12-15 20:47:04,888 - __main__ - INFO - 处理完成: 猫鼠游戏 Catch Me If You Can (ID: 41)
2025-12-15 20:47:04,888 - __main__ - INFO - 处理完成: 天空之城 天空の城ラピュタ (ID: 42)
2025-12-15 20:47:04,889 - __main__ - INFO - 处理完成: 鬼子来了 (ID: 43)
2025-12-15 20:47:04,889 - __main__ - INFO - 处理完成: 摔跤吧！爸爸 Dangal (ID: 44)
2025-12-15 20:47:04,890 - __main__ - INFO - 处理完成: 少年派的奇幻漂流 Life of Pi (ID: 45)
2025-12-15 20:47:04,890 - __main__ - INFO - 处理完成: 钢琴家 The Pianist (ID: 46)
2025-12-15 20:47:04,892 - __main__ - INFO - 处理完成: 指环王2：双塔奇兵 The Lord of the Rings: The Two Towers (ID: 47)
2025-12-15 20:47:04,893 - __main__ - INFO - 处理完成: 死亡诗社 Dead Poets Society (ID: 48)
2025-12-15 20:47:04,895 - __main__ - INFO - 处理完成: 大话西游之月光宝盒 西遊記第壹佰零壹回之月光寶盒 (ID: 49)
2025-12-15 20:47:04,896 - __main__ - INFO - 处理完成: 何以为家 كفرناحوم (ID: 50)
2025-12-15 20:47:04,900 - __main__ - INFO - 处理进度: 50/247
2025-12-15 20:47:04,902 - __main__ - INFO - 处理完成: 绿皮书 Green Book (ID: 51)
2025-12-15 20:47:04,903 - __main__ - INFO - 处理完成: 闻香识女人 Scent of a Woman (ID: 52)
2025-12-15 20:47:04,904 - __main__ - INFO - 处理完成: 大闹天宫 (ID: 53)
2025-12-15 20:47:04,904 - __main__ - INFO - 处理完成: 黑客帝国 The Matrix (ID: 54)
2025-12-15 20:47:04,905 - __main__ - INFO - 处理完成: 指环王1：护戒使者 The Lord of the Rings: The Fellowship of the Ring (ID: 55)
2025-12-15 20:47:04,906 - __main__ - INFO - 处理完成: 罗马假日 Roman Holiday (ID: 56)
2025-12-15 20:47:04,906 - __main__ - INFO - 处理完成: 教父2 The Godfather: Part II (ID: 57)
2025-12-15 20:47:04,908 - __main__ - INFO - 处理完成: 狮子王 The Lion King (ID: 58)
2025-12-15 20:47:04,910 - __main__ - INFO - 处理完成: 天堂电影院 Nuovo Cinema Paradiso (ID: 59)
2025-12-15 20:47:04,914 - __main__ - INFO - 处理完成: 饮食男女 飲食男女 (ID: 60)
2025-12-15 20:47:04,918 - __main__ - INFO - 处理进度: 60/247
2025-12-15 20:47:04,919 - __main__ - INFO - 处理完成: 辩护人 변호인 (ID: 61)
2025-12-15 20:47:04,919 - __main__ - INFO - 处理完成: 本杰明·巴顿奇事 The Curious Case of Benjamin Button (ID: 62)
2025-12-15 20:47:04,920 - __main__ - INFO - 处理完成: 搏击俱乐部 Fight Club (ID: 63)
2025-12-15 20:47:04,921 - __main__ - INFO - 处理完成: 美丽心灵 A Beautiful Mind (ID: 64)
2025-12-15 20:47:04,922 - __main__ - INFO - 处理完成: 穿条纹睡衣的男孩 The Boy in the Striped Pajamas (ID: 65)
2025-12-15 20:47:04,923 - __main__ - INFO - 处理完成: 情书 Love Letter (ID: 66)
2025-12-15 20:47:04,925 - __main__ - INFO - 处理完成: 哈利·波特与死亡圣器(下) Harry Potter and the Deathly Hallows: Part 2 (ID: 67)
2025-12-15 20:47:04,928 - __main__ - INFO - 处理完成: 两杆大烟枪 Lock, Stock and Two Smoking Barrels (ID: 68)
2025-12-15 20:47:04,933 - __main__ - INFO - 处理完成: 窃听风暴 Das Leben der Anderen (ID: 69)
2025-12-15 20:47:04,933 - __main__ - INFO - 处理完成: 音乐之声 The Sound of Music (ID: 70)
2025-12-15 20:47:04,937 - __main__ - INFO - 处理进度: 70/247
2025-12-15 20:47:04,937 - __main__ - INFO - 处理完成: 功夫 (ID: 71)
2025-12-15 20:47:04,937 - __main__ - INFO - 处理完成: 西西里的美丽传说 Malèna (ID: 72)
2025-12-15 20:47:04,945 - __main__ - INFO - 处理完成: 哈利·波特与阿兹卡班的囚徒 Harry Potter and the Prisoner of Azkaban (ID: 73)
2025-12-15 20:47:04,947 - __main__ - INFO - 处理完成: 阿凡达 Avatar (ID: 74)
2025-12-15 20:47:04,947 - __main__ - INFO - 处理完成: 看不见的客人 Contratiempo (ID: 75)
2025-12-15 20:47:04,950 - __main__ - INFO - 处理完成: 拯救大兵瑞恩 Saving Private Ryan (ID: 76)
2025-12-15 20:47:04,950 - __main__ - INFO - 处理完成: 沉默的羔羊 The Silence of the Lambs (ID: 77)
2025-12-15 20:47:04,951 - __main__ - INFO - 处理完成: 小鞋子 بچه های آسمان (ID: 78)
2025-12-15 20:47:04,951 - __main__ - INFO - 处理完成: 布达佩斯大饭店 The Grand Budapest Hotel (ID: 79)
2025-12-15 20:47:04,953 - __main__ - INFO - 处理完成: 飞越疯人院 One Flew Over the Cuckoo's Nest (ID: 80)
2025-12-15 20:47:04,955 - __main__ - INFO - 处理进度: 80/247
2025-12-15 20:47:04,955 - __main__ - INFO - 处理完成: 蝴蝶效应 The Butterfly Effect (ID: 81)
2025-12-15 20:47:04,956 - __main__ - INFO - 处理完成: 禁闭岛 Shutter Island (ID: 82)
2025-12-15 20:47:04,958 - __main__ - INFO - 处理完成: 心灵捕手 Good Will Hunting (ID: 83)
2025-12-15 20:47:04,961 - __main__ - INFO - 处理完成: 致命魔术 The Prestige (ID: 84)
2025-12-15 20:47:04,962 - __main__ - INFO - 处理完成: 低俗小说 Pulp Fiction (ID: 85)
2025-12-15 20:47:04,962 - __main__ - INFO - 处理完成: 还有明天 C'è ancora domani (ID: 86)
2025-12-15 20:47:04,962 - __main__ - INFO - 处理完成: 超脱 Detachment (ID: 87)
2025-12-15 20:47:04,966 - __main__ - INFO - 处理完成: 哈利·波特与密室 Harry Potter and the Chamber of Secrets (ID: 88)
2025-12-15 20:47:04,967 - __main__ - INFO - 处理完成: 喜剧之王 喜劇之王 (ID: 89)
2025-12-15 20:47:04,968 - __main__ - INFO - 处理完成: 一一 (ID: 90)
2025-12-15 20:47:04,971 - __main__ - INFO - 处理进度: 90/247
2025-12-15 20:47:04,971 - __main__ - INFO - 处理完成: 摩登时代 Modern Times (ID: 91)
2025-12-15 20:47:04,971 - __main__ - INFO - 处理完成: 杀人回忆 살인의 추억 (ID: 92)
2025-12-15 20:47:04,971 - __main__ - INFO - 处理完成: 致命ID Identity (ID: 93)
2025-12-15 20:47:04,971 - __main__ - INFO - 处理完成: 春光乍泄 春光乍洩 (ID: 94)
2025-12-15 20:47:04,972 - __main__ - INFO - 处理完成: 加勒比海盗 Pirates of the Caribbean: The Curse of the Black Pearl (ID: 95)
2025-12-15 20:47:04,972 - __main__ - INFO - 处理完成: 海豚湾 The Cove (ID: 96)
2025-12-15 20:47:04,972 - __main__ - INFO - 处理完成: 美国往事 Once Upon a Time in America (ID: 97)
2025-12-15 20:47:04,972 - __main__ - INFO - 处理完成: 红辣椒 パプリカ (ID: 98)
2025-12-15 20:47:04,972 - __main__ - INFO - 处理完成: 七宗罪 Se7en (ID: 99)
2025-12-15 20:47:04,972 - __main__ - INFO - 处理完成: 唐伯虎点秋香 唐伯虎點秋香 (ID: 100)
2025-12-15 20:47:04,973 - __main__ - INFO - 处理进度: 100/247
2025-12-15 20:47:04,974 - __main__ - INFO - 处理完成: 狩猎 Jagten (ID: 101)
2025-12-15 20:47:04,974 - __main__ - INFO - 处理完成: 幽灵公主 もののけ姫 (ID: 102)
2025-12-15 20:47:04,974 - __main__ - INFO - 处理完成: 甜蜜蜜 (ID: 103)
2025-12-15 20:47:04,975 - __main__ - INFO - 处理完成: 寄生虫 기생충 (ID: 104)
2025-12-15 20:47:04,976 - __main__ - INFO - 处理完成: 蝙蝠侠：黑暗骑士崛起 The Dark Knight Rises (ID: 105)
2025-12-15 20:47:04,982 - __main__ - INFO - 处理完成: 天书奇谭 (ID: 106)
2025-12-15 20:47:04,982 - __main__ - INFO - 处理完成: 7号房的礼物 7번방의 선물 (ID: 107)
2025-12-15 20:47:04,983 - __main__ - INFO - 处理完成: 超能陆战队 Big Hero 6 (ID: 108)
2025-12-15 20:47:04,983 - __main__ - INFO - 处理完成: 爱在黎明破晓前 Before Sunrise (ID: 109)
2025-12-15 20:47:04,984 - __main__ - INFO - 处理完成: 第六感 The Sixth Sense (ID: 110)
2025-12-15 20:47:04,984 - __main__ - INFO - 处理进度: 110/247
2025-12-15 20:47:04,984 - __main__ - INFO - 处理完成: 爱在日落黄昏时 Before Sunset (ID: 111)
2025-12-15 20:47:04,987 - __main__ - INFO - 处理完成: 被嫌弃的松子的一生 嫌われ松子の一生 (ID: 112)
2025-12-15 20:47:04,987 - __main__ - INFO - 处理完成: 茶馆 (ID: 113)
2025-12-15 20:47:04,987 - __main__ - INFO - 处理完成: 重庆森林 重慶森林 (ID: 114)
2025-12-15 20:47:04,987 - __main__ - INFO - 处理完成: 未麻的部屋 Perfect Blue (ID: 115)
2025-12-15 20:47:04,990 - __main__ - INFO - 处理完成: 哈利·波特与火焰杯 Harry Potter and the Goblet of Fire (ID: 116)
2025-12-15 20:47:04,990 - __main__ - INFO - 处理完成: 头脑特工队 Inside Out (ID: 117)
2025-12-15 20:47:04,990 - __main__ - INFO - 处理完成: 入殓师 おくりびと (ID: 118)
2025-12-15 20:47:04,990 - __main__ - INFO - 处理完成: 借东西的小人阿莉埃蒂 借りぐらしのアリエッティ (ID: 119)
2025-12-15 20:47:04,990 - __main__ - INFO - 处理完成: 菊次郎的夏天 菊次郎の夏 (ID: 120)
2025-12-15 20:47:04,991 - __main__ - INFO - 处理进度: 120/247
2025-12-15 20:47:04,992 - __main__ - INFO - 处理完成: 剪刀手爱德华 Edward Scissorhands (ID: 121)
2025-12-15 20:47:04,992 - __main__ - INFO - 处理完成: 断背山 Brokeback Mountain (ID: 122)
2025-12-15 20:47:04,992 - __main__ - INFO - 处理完成: 勇敢的心 Braveheart (ID: 123)
2025-12-15 20:47:04,993 - __main__ - INFO - 处理完成: 时空恋旅人 About Time (ID: 124)
2025-12-15 20:47:04,994 - __main__ - INFO - 处理完成: 消失的爱人 Gone Girl (ID: 125)
2025-12-15 20:47:04,994 - __main__ - INFO - 处理完成: 倩女幽魂 (ID: 126)
2025-12-15 20:47:04,995 - __main__ - INFO - 处理完成: 无人知晓 誰も知らない (ID: 127)
2025-12-15 20:47:04,997 - __main__ - INFO - 处理完成: 驯龙高手 How to Train Your Dragon (ID: 128)
2025-12-15 20:47:04,997 - __main__ - INFO - 处理完成: 花样年华 花樣年華 (ID: 129)
2025-12-15 20:47:04,998 - __main__ - INFO - 处理完成: 傲慢与偏见 Pride & Prejudice (ID: 130)
2025-12-15 20:47:04,998 - __main__ - INFO - 处理进度: 130/247
2025-12-15 20:47:04,999 - __main__ - INFO - 处理完成: 新世界 신세계 (ID: 131)
2025-12-15 20:47:04,999 - __main__ - INFO - 处理完成: 完美的世界 A Perfect World (ID: 132)
2025-12-15 20:47:05,000 - __main__ - INFO - 处理完成: 阳光灿烂的日子 (ID: 133)
2025-12-15 20:47:05,002 - __main__ - INFO - 处理完成: 一个叫欧维的男人决定去死 En man som heter Ove (ID: 134)
2025-12-15 20:47:05,003 - __main__ - INFO - 处理完成: 玩具总动员3 Toy Story 3 (ID: 135)
2025-12-15 20:47:05,004 - __main__ - INFO - 处理完成: 小森林 夏秋篇 リトル・フォレスト 夏・秋 (ID: 136)
2025-12-15 20:47:05,005 - __main__ - INFO - 处理完成: 教父3 The Godfather: Part III (ID: 140)
2025-12-15 20:47:05,006 - __main__ - INFO - 处理完成: 侧耳倾听 耳をすませば (ID: 141)
2025-12-15 20:47:05,007 - __main__ - INFO - 处理完成: 请以你的名字呼唤我 Call Me by Your Name (ID: 142)
2025-12-15 20:47:05,007 - __main__ - INFO - 处理完成: 哪吒闹海 (ID: 143)
2025-12-15 20:47:05,007 - __main__ - INFO - 处理进度: 140/247
2025-12-15 20:47:05,008 - __main__ - INFO - 处理完成: 幸福终点站 The Terminal (ID: 144)
2025-12-15 20:47:05,008 - __main__ - INFO - 处理完成: 九品芝麻官 (ID: 145)
2025-12-15 20:47:05,008 - __main__ - INFO - 处理完成: 被解救的姜戈 Django Unchained (ID: 146)
2025-12-15 20:47:05,008 - __main__ - INFO - 处理完成: 釜山行 부산행 (ID: 147)
2025-12-15 20:47:05,008 - __main__ - INFO - 处理完成: 小森林 冬春篇 リトル・フォレスト 冬・春 (ID: 148)
2025-12-15 20:47:05,008 - __main__ - INFO - 处理完成: 神偷奶爸 Despicable Me (ID: 149)
2025-12-15 20:47:05,008 - __main__ - INFO - 处理完成: 喜宴 囍宴 (ID: 150)
2025-12-15 20:47:05,009 - __main__ - INFO - 处理完成: 萤火之森 蛍火の杜へ (ID: 151)
2025-12-15 20:47:05,016 - __main__ - INFO - 处理完成: 告白 (ID: 152)
2025-12-15 20:47:05,017 - __main__ - INFO - 处理完成: 玛丽和麦克斯 Mary and Max (ID: 153)
2025-12-15 20:47:05,018 - __main__ - INFO - 处理进度: 150/247
2025-12-15 20:47:05,020 - __main__ - INFO - 处理完成: 头号玩家 Ready Player One (ID: 154)
2025-12-15 20:47:05,021 - __main__ - INFO - 处理完成: 七武士 七人の侍 (ID: 155)
2025-12-15 20:47:05,023 - __main__ - INFO - 处理完成: 模仿游戏 The Imitation Game (ID: 156)
2025-12-15 20:47:05,024 - __main__ - INFO - 处理完成: 大鱼 Big Fish (ID: 157)
2025-12-15 20:47:05,025 - __main__ - INFO - 处理完成: 惊魂记 Psycho (ID: 158)
2025-12-15 20:47:05,030 - __main__ - INFO - 处理完成: 射雕英雄传之东成西就 射鵰英雄傳之東成西就 (ID: 159)
2025-12-15 20:47:05,032 - __main__ - INFO - 处理完成: 血战钢锯岭 Hacksaw Ridge (ID: 160)
2025-12-15 20:47:05,041 - __main__ - INFO - 处理完成: 你的名字。 君の名は。 (ID: 161)
2025-12-15 20:47:05,044 - __main__ - INFO - 处理完成: 心灵奇旅 Soul (ID: 162)
2025-12-15 20:47:05,046 - __main__ - INFO - 处理完成: 我是山姆 I Am Sam (ID: 163)
2025-12-15 20:47:05,048 - __main__ - INFO - 处理进度: 160/247
2025-12-15 20:47:05,049 - __main__ - INFO - 处理完成: 背靠背，脸对脸 (ID: 164)
2025-12-15 20:47:05,049 - __main__ - INFO - 处理完成: 阳光姐妹淘 써니 (ID: 165)
2025-12-15 20:47:05,049 - __main__ - INFO - 处理完成: 恐怖直播 더 테러 라이브 (ID: 166)
2025-12-15 20:47:05,050 - __main__ - INFO - 处理完成: 黑客帝国3：矩阵革命 The Matrix Revolutions (ID: 167)
2025-12-15 20:47:05,050 - __main__ - INFO - 处理完成: 三块广告牌 Three Billboards Outside Ebbing, Missouri (ID: 168)
2025-12-15 20:47:05,050 - __main__ - INFO - 处理完成: 小丑 Joker (ID: 169)
2025-12-15 20:47:05,052 - __main__ - INFO - 处理完成: 电锯惊魂 Saw (ID: 170)
2025-12-15 20:47:05,056 - __main__ - INFO - 处理完成: 谍影重重3 The Bourne Ultimatum (ID: 171)
2025-12-15 20:47:05,058 - __main__ - INFO - 处理完成: 达拉斯买家俱乐部 Dallas Buyers Club (ID: 172)
2025-12-15 20:47:05,058 - __main__ - INFO - 处理完成: 无间道2 無間道II (ID: 173)
2025-12-15 20:47:05,059 - __main__ - INFO - 处理进度: 170/247
2025-12-15 20:47:05,062 - __main__ - INFO - 处理完成: 疯狂原始人 The Croods (ID: 174)
2025-12-15 20:47:05,066 - __main__ - INFO - 处理完成: 末路狂花 Thelma & Louise (ID: 175)
2025-12-15 20:47:05,066 - __main__ - INFO - 处理完成: 高山下的花环 (ID: 176)
2025-12-15 20:47:05,068 - __main__ - INFO - 处理完成: 绿里奇迹 The Green Mile (ID: 177)
2025-12-15 20:47:05,070 - __main__ - INFO - 处理完成: 爱在午夜降临前 Before Midnight (ID: 178)
2025-12-15 20:47:05,070 - __main__ - INFO - 处理完成: 海街日记 海街diary (ID: 179)
2025-12-15 20:47:05,071 - __main__ - INFO - 处理完成: 疯狂的石头 (ID: 180)
2025-12-15 20:47:05,072 - __main__ - INFO - 处理完成: 风之谷 風の谷のナウシカ (ID: 181)
2025-12-15 20:47:05,075 - __main__ - INFO - 处理完成: 雨中曲 Singin' in the Rain (ID: 182)
2025-12-15 20:47:05,075 - __main__ - INFO - 处理完成: 上帝之城 Cidade de Deus (ID: 183)
2025-12-15 20:47:05,076 - __main__ - INFO - 处理进度: 180/247
2025-12-15 20:47:05,077 - __main__ - INFO - 处理完成: 2001太空漫游 2001: A Space Odyssey (ID: 184)
2025-12-15 20:47:05,080 - __main__ - INFO - 处理完成: 心迷宫 (ID: 185)
2025-12-15 20:47:05,081 - __main__ - INFO - 处理完成: 英雄本色 (ID: 186)
2025-12-15 20:47:05,081 - __main__ - INFO - 处理完成: 机器人之梦 Robot Dreams (ID: 187)
2025-12-15 20:47:05,084 - __main__ - INFO - 处理完成: 记忆碎片 Memento (ID: 188)
2025-12-15 20:47:05,085 - __main__ - INFO - 处理完成: 纵横四海 縱橫四海 (ID: 189)
2025-12-15 20:47:05,085 - __main__ - INFO - 处理完成: 卢旺达饭店 Hotel Rwanda (ID: 190)
2025-12-15 20:47:05,087 - __main__ - INFO - 处理完成: 无敌破坏王 Wreck-It Ralph (ID: 191)
2025-12-15 20:47:05,090 - __main__ - INFO - 处理完成: 小偷家族 万引き家族 (ID: 192)
2025-12-15 20:47:05,093 - __main__ - INFO - 处理完成: 恐怖游轮 Triangle (ID: 193)
2025-12-15 20:47:05,094 - __main__ - INFO - 处理进度: 190/247
2025-12-15 20:47:05,097 - __main__ - INFO - 处理完成: 冰川时代 Ice Age (ID: 194)
2025-12-15 20:47:05,101 - __main__ - INFO - 处理完成: 牯岭街少年杀人事件 牯嶺街少年殺人事件 (ID: 195)
2025-12-15 20:47:05,102 - __main__ - INFO - 处理完成: 东京教父 東京ゴッドファーザーズ (ID: 196)
2025-12-15 20:47:05,103 - __main__ - INFO - 处理完成: 魔女宅急便 魔女の宅急便 (ID: 197)
2025-12-15 20:47:05,104 - __main__ - INFO - 处理完成: 芙蓉镇 (ID: 198)
2025-12-15 20:47:05,105 - __main__ - INFO - 处理完成: 岁月神偷 歲月神偷 (ID: 199)
2025-12-15 20:47:05,109 - __main__ - INFO - 处理完成: 忠犬八公物语 ハチ公物語 (ID: 200)
2025-12-15 20:47:05,113 - __main__ - INFO - 处理完成: 荒蛮故事 Relatos salvajes (ID: 201)
2025-12-15 20:47:05,116 - __main__ - INFO - 处理完成: 遗愿清单 The Bucket List (ID: 202)
2025-12-15 20:47:05,117 - __main__ - INFO - 处理完成: 大佛普拉斯 (ID: 203)
2025-12-15 20:47:05,118 - __main__ - INFO - 处理进度: 200/247
2025-12-15 20:47:05,119 - __main__ - INFO - 处理完成: 源代码 Source Code (ID: 204)
2025-12-15 20:47:05,120 - __main__ - INFO - 处理完成: 疯狂的麦克斯4：狂暴之路 Mad Max: Fury Road (ID: 205)
2025-12-15 20:47:05,121 - __main__ - INFO - 处理完成: 你看起来好像很好吃 おまえうまそうだな (ID: 206)
2025-12-15 20:47:05,122 - __main__ - INFO - 处理完成: 贫民窟的百万富翁 Slumdog Millionaire (ID: 207)
2025-12-15 20:47:05,123 - __main__ - INFO - 处理完成: 花束般的恋爱 花束みたいな恋をした (ID: 208)
2025-12-15 20:47:05,123 - __main__ - INFO - 处理完成: 可可西里 (ID: 209)
2025-12-15 20:47:05,125 - __main__ - INFO - 处理完成: 城市之光 City Lights (ID: 210)
2025-12-15 20:47:05,126 - __main__ - INFO - 处理完成: 白日梦想家 The Secret Life of Walter Mitty (ID: 211)
2025-12-15 20:47:05,131 - __main__ - INFO - 处理完成: 波西米亚狂想曲 Bohemian Rhapsody (ID: 212)
2025-12-15 20:47:05,134 - __main__ - INFO - 处理完成: 爆裂鼓手 Whiplash (ID: 213)
2025-12-15 20:47:05,138 - __main__ - INFO - 处理进度: 210/247
2025-12-15 20:47:05,139 - __main__ - INFO - 处理完成: 东邪西毒 東邪西毒 (ID: 214)
2025-12-15 20:47:05,142 - __main__ - INFO - 处理完成: 青蛇 (ID: 215)
2025-12-15 20:47:05,145 - __main__ - INFO - 处理完成: 爱乐之城 La La Land (ID: 216)
2025-12-15 20:47:05,146 - __main__ - INFO - 处理完成: 哈利·波特与死亡圣器(上) Harry Potter and the Deathly Hallows: Part 1 (ID: 217)
2025-12-15 20:47:05,149 - __main__ - INFO - 处理完成: 无耻混蛋 Inglourious Basterds (ID: 218)
2025-12-15 20:47:05,150 - __main__ - INFO - 处理完成: 终结者2：审判日 Terminator 2: Judgment Day (ID: 219)
2025-12-15 20:47:05,153 - __main__ - INFO - 处理完成: 黑天鹅 Black Swan (ID: 220)
2025-12-15 20:47:05,155 - __main__ - INFO - 处理完成: 大红灯笼高高挂 (ID: 221)
2025-12-15 20:47:05,157 - __main__ - INFO - 处理完成: 初恋这件小事 สิ่งเล็กเล็กที่เรียกว่า...รัก (ID: 222)
2025-12-15 20:47:05,162 - __main__ - INFO - 处理完成: 新龙门客栈 新龍門客棧 (ID: 223)
2025-12-15 20:47:05,163 - __main__ - INFO - 处理进度: 220/247
2025-12-15 20:47:05,164 - __main__ - INFO - 处理完成: 人工智能 A.I. Artificial Intelligence (ID: 224)
2025-12-15 20:47:05,166 - __main__ - INFO - 处理完成: 雨人 Rain Man (ID: 225)
2025-12-15 20:47:05,170 - __main__ - INFO - 处理完成: 崖上的波妞 崖の上のポニョ (ID: 226)
2025-12-15 20:47:05,172 - __main__ - INFO - 处理完成: 千钧一发 Gattaca (ID: 227)
2025-12-15 20:47:05,172 - __main__ - INFO - 处理完成: 虎口脱险 La grande vadrouille (ID: 228)
2025-12-15 20:47:05,173 - __main__ - INFO - 处理完成: 罗生门 羅生門 (ID: 229)
2025-12-15 20:47:05,178 - __main__ - INFO - 处理完成: 哈利·波特与凤凰社 Harry Potter and the Order of the Phoenix (ID: 230)
2025-12-15 20:47:05,178 - __main__ - INFO - 处理完成: 真爱至上 Love Actually (ID: 231)
2025-12-15 20:47:05,181 - __main__ - INFO - 处理完成: 彗星来的那一夜 Coherence (ID: 232)
2025-12-15 20:47:05,185 - __main__ - INFO - 处理完成: 恋恋笔记本 The Notebook (ID: 233)
2025-12-15 20:47:05,188 - __main__ - INFO - 处理进度: 230/247
2025-12-15 20:47:05,189 - __main__ - INFO - 处理完成: 海边的曼彻斯特 Manchester by the Sea (ID: 234)
2025-12-15 20:47:05,192 - __main__ - INFO - 处理完成: 火星救援 The Martian (ID: 235)
2025-12-15 20:47:05,192 - __main__ - INFO - 处理完成: 黑客帝国2：重装上阵 The Matrix Reloaded (ID: 236)
2025-12-15 20:47:05,196 - __main__ - INFO - 处理完成: 步履不停 歩いても 歩いても (ID: 237)
2025-12-15 20:47:05,196 - __main__ - INFO - 处理完成: 奇迹男孩 Wonder (ID: 238)
2025-12-15 20:47:05,197 - __main__ - INFO - 处理完成: 千年女优 千年女優 (ID: 239)
2025-12-15 20:47:05,200 - __main__ - INFO - 处理完成: 战争之王 Lord of War (ID: 240)
2025-12-15 20:47:05,200 - __main__ - INFO - 处理完成: 冰雪奇缘 Frozen (ID: 241)
2025-12-15 20:47:05,200 - __main__ - INFO - 处理完成: 萤火虫之墓 火垂るの墓 (ID: 242)
2025-12-15 20:47:05,201 - __main__ - INFO - 处理完成: 谍影重重2 The Bourne Supremacy (ID: 243)
2025-12-15 20:47:05,201 - __main__ - INFO - 处理进度: 240/247
2025-12-15 20:47:05,201 - __main__ - INFO - 处理完成: 蜘蛛侠：平行宇宙 Spider-Man: Into the Spider-Verse (ID: 244)
2025-12-15 20:47:05,202 - __main__ - INFO - 处理完成: 攻壳机动队 攻殻機動隊 (ID: 245)
2025-12-15 20:47:05,205 - __main__ - INFO - 处理完成: 血钻 Blood Diamond (ID: 246)
2025-12-15 20:47:05,211 - __main__ - INFO - 处理完成: 魂断蓝桥 Waterloo Bridge (ID: 247)
2025-12-15 20:47:05,213 - __main__ - INFO - 处理完成: 隐藏人物 Hidden Figures (ID: 248)
2025-12-15 20:47:05,213 - __main__ - INFO - 处理完成: 房间 Room (ID: 249)
2025-12-15 20:47:05,213 - __main__ - INFO - 处理完成: 小姐 아가씨 (ID: 250)
2025-12-15 20:47:05,213 - __main__ - INFO - 正在保存数据到CSV文件...
2025-12-15 20:47:05,218 - __main__ - INFO - 已保存 247 条数据到 movies.csv
2025-12-15 20:47:05,226 - __main__ - INFO - 已保存 247 条数据到 links.csv
2025-12-15 20:47:05,331 - __main__ - INFO - 已保存 12350 条数据到 ratings.csv
